make all --print-data-base --no-builtin-variables --no-builtin-rules --question
# GNU Make 3.81
# Copyright (C) 2006  Free Software Foundation, Inc.
# This is free software; see the source for copying conditions.
# There is NO warranty; not even for MERCHANTABILITY or FITNESS FOR A
# PARTICULAR PURPOSE.

# This program built for i386-apple-darwin11.3.0
 

# Make data base, printed on Sun Aug  7 11:24:25 2022

# Variables

# makefile (from `Makefile', line 202)
ETAGS = etags
# automatic
<D = $(patsubst %/,%,$(dir $<))
# automatic
?F = $(notdir $?)
# makefile (from `Makefile', line 389)
TEST_SUITE_LOG = test-suite.log
# makefile (from `Makefile', line 204)
CSCOPE = cscope
# makefile (from `Makefile', line 516)
noinst_LIBRARIES = src/examplemod/libexamplemod.a
# makefile (from `Makefile', line 115)
am__dirstamp = $(am__leading_dot)dirstamp
# makefile (from `Makefile', line 89)
POST_UNINSTALL = :
# automatic
?D = $(patsubst %/,%,$(dir $?))
# makefile (from `Makefile', line 439)
CPPFLAGS = -I/usr/local/opt/ruby/include
# makefile (from `Makefile', line 116)
am_src_examplemod_libexamplemod_a_OBJECTS = src/examplemod/examplemod.$(OBJEXT) src/examplemod/priv1.$(OBJEXT)
# makefile (from `Makefile', line 447)
INSTALL = /usr/bin/install -c
# makefile (from `Makefile', line 339)
am__common_driver_flags = --color-tests "$$am__color_tests" --enable-hard-errors "$$am__enable_hard_errors" --expect-failure "$$am__expect_failure"
# makefile (from `Makefile', line 441)
DEFS = -DHAVE_CONFIG_H
# automatic
@D = $(patsubst %/,%,$(dir $@))
# automatic
@F = $(notdir $@)
# makefile
CURDIR := /Users/dan/Projects/m65tool
# makefile (from `Makefile', line 168)
LINK = $(CCLD) $(AM_CFLAGS) $(CFLAGS) $(AM_LDFLAGS) $(LDFLAGS) -o $@
# makefile (from `Makefile', line 470)
SHELL = /bin/sh
# environment
VSCODE_NLS_CONFIG = {"locale":"en-us","availableLanguages":{},"_languagePackSupport":true}
# makefile (from `Makefile', line 488)
datarootdir = ${prefix}/share
# environment
_ = /usr/bin/make
# makefile (from `Makefile', line 438)
CFLAGS = -g -O2 -std=c17
# makefile (from `Makefile', line 233)
am__strip_dir = f=`echo $$p | sed -e 's|^.*/||'`;
# makefile (from `Makefile', line 84)
NORMAL_INSTALL = :
# makefile (from `Makefile', line 139)
AM_V_GEN = $(am__v_GEN_$(V))
# makefile (from `Makefile', line 135)
AM_V_P = $(am__v_P_$(V))
# makefile (from `Makefile', line 411)
DISTFILES = $(DIST_COMMON) $(DIST_SOURCES) $(TEXINFOS) $(EXTRA_DIST)
# makefile (from `Makefile', line 504)
pdfdir = ${docdir}
# makefile (from `Makefile', line 136)
am__v_P_ = $(am__v_P_$(AM_DEFAULT_VERBOSITY))
# makefile (from `Makefile', line 140)
am__v_GEN_ = $(am__v_GEN_$(AM_DEFAULT_VERBOSITY))
# makefile (from `Makefile', line 450)
INSTALL_SCRIPT = ${INSTALL}
# makefile (from `third-party/Unity/src/.deps/tests_examplemod_examplemod_test_Runner-unity.Po', line 1)
MAKEFILE_LIST :=  Makefile src/examplemod/.deps/examplemod.Po src/examplemod/.deps/priv1.Po src/m65tool/.deps/m65tool-m65tool.Po tests/examplemod/.deps/examplemod_test_Runner-examplemod_test.Po tests/examplemod/.deps/examplemod_test_Runner-examplemod_test_Runner.Po third-party/Unity/src/.deps/tests_examplemod_examplemod_test_Runner-unity.Po
# makefile (from `Makefile', line 486)
builddir = .
# makefile (from `Makefile', line 392)
LOG_COMPILE = $(LOG_COMPILER) $(AM_LOG_FLAGS) $(LOG_FLAGS)
# makefile (from `Makefile', line 523)
tests_examplemod_examplemod_test_Runner_SOURCES = tests/examplemod/examplemod_test_Runner.c tests/examplemod/examplemod_test.c third-party/Unity/src/unity.c third-party/Unity/src/unity.h third-party/Unity/src/unity_internals.h third-party/Unity/auto/generate_test_runner.rb
# makefile (from `Makefile', line 246)
am__base_list = sed '$$!N;$$!N;$$!N;$$!N;$$!N;$$!N;$$!N;s/\n/ /g' | sed '$$!N;$$!N;$$!N;$$!N;s/\n/ /g'
# makefile (from `Makefile', line 105)
am__installdirs = "$(DESTDIR)$(bindir)"
# makefile (from `Makefile', line 388)
RECHECK_LOGS = $(TEST_LOGS)
# makefile (from `Makefile', line 173)
SOURCES = $(src_examplemod_libexamplemod_a_SOURCES) $(src_m65tool_m65tool_SOURCES) $(tests_examplemod_examplemod_test_Runner_SOURCES)
# makefile (from `Makefile', line 474)
abs_srcdir = /Users/dan/Projects/m65tool
# makefile (from `Makefile', line 75)
pkgincludedir = $(includedir)/m65tool
# makefile (from `Makefile', line 80)
install_sh_PROGRAM = $(install_sh) -c
# makefile (from `Makefile', line 137)
am__v_P_0 = false
# makefile (from `Makefile', line 141)
am__v_GEN_0 = @echo "  GEN     " $@;
# makefile (from `Makefile', line 472)
VERSION = 0.1
# makefile (from `Makefile', line 481)
am__quote = 
# makefile (from `Makefile', line 237)
am__nobase_strip = for p in $$list; do echo "$$p"; done | sed -e "s|$$srcdirstrip/||"
# makefile (from `Makefile', line 103)
CONFIG_CLEAN_FILES = 
# makefile (from `Makefile', line 256)
am__global_test_result_rx = ^[ 	]*:global-test-result:[ 	]*
# makefile (from `Makefile', line 91)
check_PROGRAMS = tests/examplemod/examplemod_test_Runner$(EXEEXT)
# makefile (from `Makefile', line 99)
am__CONFIG_DISTCLEAN_FILES = config.status config.cache config.log configure.lineno config.status.lineno
# environment
__CFBundleIdentifier = com.microsoft.VSCode
# makefile (from `Makefile', line 435)
AWK = awk
# makefile (from `Makefile', line 482)
am__tar = $${TAR-tar} chof - "$$tardir"
# makefile (from `Makefile', line 350)
am__check_pre = $(am__sh_e_setup); $(am__vpath_adj_setup) $(am__vpath_adj) $(am__tty_colors); srcdir=$(srcdir); export srcdir; case "$@" in */*) am__odir=`echo "./$@" | sed 's|/[^/]*$$||'`;; *) am__odir=.;; esac; test "x$$am__odir" = x"." || test -d "$$am__odir" || $(MKDIR_P) "$$am__odir" || exit $$?; if test -f "./$$f"; then dir=./; elif test -f "$$f"; then dir=; else dir="$(srcdir)/"; fi; tst=$$dir$$f; log='$@'; if test -n '$(DISABLE_HARD_ERRORS)'; then am__enable_hard_errors=no; else am__enable_hard_errors=yes; fi; case " $(XFAIL_TESTS) " in *[\ \	]$$f[\ \	]* | *[\ \	]$$dir$$f[\ \	]*) am__expect_failure=yes;; *) am__expect_failure=no;; esac; $(AM_TESTS_ENVIRONMENT) $(TESTS_ENVIRONMENT)
# makefile (from `Makefile', line 30)
am__make_running_with_option = case $${target_option-} in ?) ;; *) echo "am__make_running_with_option: internal error: invalid" "target option '$${target_option-}' specified" >&2; exit 1;; esac; has_opt=no; sane_makeflags=$$MAKEFLAGS; if $(am__is_gnu_make); then sane_makeflags=$$MFLAGS; else case $$MAKEFLAGS in *\\[\ \	]*) bs=\\; sane_makeflags=`printf '%s\n' "$$MAKEFLAGS" | sed "s/$$bs$$bs[$$bs $$bs	]*//g"`;; esac; fi; skip_next=no; strip_trailopt () { flg=`printf '%s\n' "$$flg" | sed "s/$$1.*$$//"`; }; for flg in $$sane_makeflags; do test $$skip_next = yes && { skip_next=no; continue; }; case $$flg in *=*|--*) continue;; -*I) strip_trailopt 'I'; skip_next=yes;; -*I?*) strip_trailopt 'I';; -*O) strip_trailopt 'O'; skip_next=yes;; -*O?*) strip_trailopt 'O';; -*l) strip_trailopt 'l'; skip_next=yes;; -*l?*) strip_trailopt 'l';; -[dEDm]) skip_next=yes;; -[JT]) skip_next=yes;; esac; case $$flg in *$$target_option*) has_opt=yes; break;; esac; done; test $$has_opt = yes
# environment
VSCODE_CWD = /
# makefile (from `Makefile', line 337)
am__sh_e_setup = case $$- in *e*) set +e;; esac
# makefile (from `Makefile', line 391)
LOG_DRIVER = $(SHELL) $(top_srcdir)/test-driver
# makefile (from `Makefile', line 469)
SET_MAKE = 
# makefile (from `Makefile', line 79)
install_sh_DATA = $(install_sh) -c -m 644
# makefile (from `Makefile', line 525)
tests_examplemod_examplemod_test_Runner_LDFLAGS = -pthread
# makefile (from `Makefile', line 484)
bindir = ${exec_prefix}/bin
# environment
PATH = /usr/local/Cellar/ruby/2.7.0/bin:/usr/local/lib/ruby/gems/2.7.0/bin:/usr/local/opt/ruby/bin:/Library/Frameworks/Python.framework/Versions/3.10/bin:/Library/Frameworks/Python.framework/Versions/3.9/bin:/opt/local/bin:/opt/local/sbin:/Library/Frameworks/Python.framework/Versions/3.7/bin:/Library/Frameworks/Python.framework/Versions/3.6/bin:/usr/local/bin:/usr/bin:/bin:/usr/sbin:/sbin:/Library/TeX/texbin:/usr/local/go/bin:/opt/X11/bin:/Library/Apple/usr/bin:/Library/Frameworks/Mono.framework/Versions/Current/Commands:/Users/dan/bin:/Applications/Emacs.app/Contents/MacOS/bin/:/usr/local/mysql/bin:/Users/dan/.cargo/bin:/Users/dan/Applications/cc65/bin:/Users/dan/Applications/sbcl/bin:/Applications/Racket v8.2/bin:/Users/dan/Library/Python/3.10/bin:/Applications/Rakudo/bin:/Applications/Rakudo/share/perl6/site/bin:/opt/local/bin:/Applications/Emacs.app/Contents/MacOS/bin:/usr/local/lib/node_modules/node/bin/
# makefile (from `Makefile', line 144)
 
am__v_at_ = $(am__v_at_$(AM_DEFAULT_VERBOSITY))
# makefile (from `Makefile', line 228)
am__vpath_adj_setup = srcdirstrip=`echo "$(srcdir)" | sed 's|.|.|g'`;
# makefile (from `Makefile', line 453)
LIBOBJS = 
# makefile (from `Makefile', line 197)
am__define_uniq_tagged_files = list='$(am__tagged_files)'; unique=`for i in $$list; do if test -f "$$i"; then echo $$i; else echo $(srcdir)/$$i; fi; done | $(am__uniquify_input)`
# makefile (from `Makefile', line 515)
top_srcdir = .
# makefile (from `Makefile', line 83)
transform = $(program_transform_name)
# makefile (from `Makefile', line 138)
am__v_P_1 = :
# makefile (from `Makefile', line 142)
am__v_GEN_1 = 
# makefile (from `Makefile', line 465)
PACKAGE_VERSION = 0.1
# makefile (from `Makefile', line 163)
AM_V_CC = $(am__v_CC_$(V))
# makefile (from `Makefile', line 449)
INSTALL_PROGRAM = ${INSTALL}
# makefile (from `Makefile', line 288)
am__create_global_log = $(AWK) ' function fatal(msg) { print "fatal: making $@: " msg | "cat >&2"; exit 1; } function rst_section(header) { print header; len = length(header); for (i = 1; i <= len; i = i + 1) printf "="; printf "\n\n"; } { copy_in_global_log = 1; global_test_result = "RUN"; while ((rc = (getline line < ($$0 ".trs"))) != 0) { if (rc < 0) fatal("failed to read from " $$0 ".trs"); if (line ~ /$(am__global_test_result_rx)/) { sub("$(am__global_test_result_rx)", "", line); sub("[ 	]*$$", "", line); global_test_result = line; } else if (line ~ /$(am__copy_in_global_log_rx)[nN][oO]/) copy_in_global_log = 0; }; if (copy_in_global_log) { rst_section(global_test_result ": " $$0); while ((rc = (getline line < ($$0 ".log"))) != 0) { if (rc < 0) fatal("failed to read from " $$0 ".log"); print line; }; printf "\n"; }; close ($$0 ".trs"); close ($$0 ".log"); }'
# makefile (from `Makefile', line 169)
AM_V_CCLD = $(am__v_CCLD_$(V))
# makefile (from `Makefile', line 499)
localedir = ${datarootdir}/locale
# makefile (from `Makefile', line 502)
mkdir_p = $(MKDIR_P)
# makefile (from `Makefile', line 494)
includedir = ${prefix}/include
# makefile (from `Makefile', line 19)
am__is_gnu_make = { if test -z '$(MAKELEVEL)'; then false; elif test -n '$(MAKE_HOST)'; then true; elif test -n '$(MAKE_VERSION)' && test -n '$(CURDIR)'; then true; else false; fi; }
# makefile (from `Makefile', line 249)
am__uninstall_files_from_dir = { test -z "$$files" || { test ! -d "$$dir" && test ! -f "$$dir" && test ! -r "$$dir"; } || { echo " ( cd '$$dir' && rm -f" $$files ")"; $(am__cd) "$$dir" && rm -f $$files; }; }
# makefile (from `Makefile', line 164)
am__v_CC_ = $(am__v_CC_$(AM_DEFAULT_VERBOSITY))
# makefile (from `Makefile', line 506)
program_transform_name = s,x,x,
# makefile (from `Makefile', line 451)
INSTALL_STRIP_PROGRAM = $(install_sh) -c -s
# makefile (from `Makefile', line 78)
am__cd = CDPATH="$${ZSH_VERSION+.}$(PATH_SEPARATOR)" && cd
# makefile (from `Makefile', line 106)
PROGRAMS = $(bin_PROGRAMS)
# makefile (from `Makefile', line 119)
src_examplemod_libexamplemod_a_OBJECTS = $(am_src_examplemod_libexamplemod_a_OBJECTS)
# makefile (from `Makefile', line 148)
depcomp = $(SHELL) $(top_srcdir)/depcomp
# makefile (from `Makefile', line 409)
am__DIST_COMMON = $(srcdir)/Makefile.in $(srcdir)/config.h.in ar-lib compile depcomp install-sh missing test-driver
# makefile (from `Makefile', line 424)
distuninstallcheck_listfiles = find . -type f -print
# makefile (from `Makefile', line 458)
OBJEXT = o
# makefile (from `Makefile', line 428)
ACLOCAL = ${SHELL} /Users/dan/Projects/m65tool/missing aclocal-1.16
# makefile (from `Makefile', line 384)
am__set_TESTS_bases = bases='$(TEST_LOGS)'; bases=`for i in $$bases; do echo $$i; done | sed 's/\.log$$//'`; bases=`echo $$bases`
# makefile (from `Makefile', line 431)
AR = ar
# makefile (from `Makefile', line 462)
PACKAGE_STRING = m65tool 0.1
# makefile (from `Makefile', line 165)
am__v_CC_0 = @echo "  CC      " $@;
# environment
ELECTRON_RUN_AS_NODE = 1
# makefile (from `Makefile', line 125)
am_tests_examplemod_examplemod_test_Runner_OBJECTS = tests/examplemod/examplemod_test_Runner-examplemod_test_Runner.$(OBJEXT) tests/examplemod/examplemod_test_Runner-examplemod_test.$(OBJEXT) third-party/Unity/src/tests_examplemod_examplemod_test_Runner-unity.$(OBJEXT)
# makefile (from `Makefile', line 452)
LDFLAGS = -L/usr/local/opt/ruby/lib
# makefile (from `Makefile', line 147)
DEFAULT_INCLUDES = -I.
# default
.FEATURES := target-specific order-only second-expansion else-if archives jobserver check-symlink
# makefile (from `Makefile', line 444)
ECHO_N = 
# makefile (from `Makefile', line 157)
AM_V_lt = $(am__v_lt_$(V))
# environment
SSH_AUTH_SOCK = /private/tmp/com.apple.launchd.I6ASASuYVg/Listeners
# makefile (from `Makefile', line 104)
CONFIG_CLEAN_VPATH_FILES = 
# makefile (from `Makefile', line 521)
CLEANFILES = tests/examplemod/examplemod_test_Runner.c
# automatic
%F = $(notdir $%)
# makefile (from `Makefile', line 524)
tests_examplemod_examplemod_test_Runner_LDADD = src/examplemod/libexamplemod.a
# makefile (from `Makefile', line 443)
ECHO_C = \c
# makefile (from `Makefile', line 425)
am__distuninstallcheck_listfiles = $(distuninstallcheck_listfiles) | sed 's|^\./|$(prefix)/|' | grep -v '$(infodir)/dir$$'
# environment
DISPLAY = /private/tmp/com.apple.launchd.r1fOuTynNw/org.macosforge.xquartz:0
# makefile (from `Makefile', line 503)
oldincludedir = /usr/include
# makefile (from `Makefile', line 522)
TESTS = $(check_PROGRAMS)
# makefile (from `Makefile', line 491)
exec_prefix = ${prefix}
# makefile (from `Makefile', line 90)
bin_PROGRAMS = src/m65tool/m65tool$(EXEEXT)
# makefile (from `Makefile', line 94)
am__aclocal_m4_deps = $(top_srcdir)/configure.ac
# makefile (from `Makefile', line 92)
subdir = .
# makefile (from `Makefile', line 483)
am__untar = $${TAR-tar} xf -
# makefile (from `Makefile', line 510)
srcdir = .
# makefile (from `Makefile', line 490)
dvidir = ${docdir}
# makefile (from `Makefile', line 150)
am__depfiles_remade = src/examplemod/$(DEPDIR)/examplemod.Po src/examplemod/$(DEPDIR)/priv1.Po src/m65tool/$(DEPDIR)/m65tool-m65tool.Po tests/examplemod/$(DEPDIR)/examplemod_test_Runner-examplemod_test.Po tests/examplemod/$(DEPDIR)/examplemod_test_Runner-examplemod_test_Runner.Po third-party/Unity/src/$(DEPDIR)/tests_examplemod_examplemod_test_Runner-unity.Po
# environment
PWD = /Users/dan/Projects/m65tool
# makefile (from `Makefile', line 405)
TEST_LOGS = $(am__test_logs2:.test.log=.log)
# makefile (from `Makefile', line 81)
install_sh_SCRIPT = $(install_sh) -c
# makefile (from `Makefile', line 166)
am__v_CC_1 = 
# makefile (from `Makefile', line 455)
LTLIBOBJS = 
# makefile (from `Makefile', line 475)
abs_top_builddir = /Users/dan/Projects/m65tool
# makefile (from `Makefile', line 209)
am__tty_colors = { $(am__tty_colors_dummy); if test "X$(AM_COLOR_TESTS)" = Xno; then am__color_tests=no; elif test "X$(AM_COLOR_TESTS)" = Xalways; then am__color_tests=yes; elif test "X$$TERM" != Xdumb && { test -t 1; } 2>/dev/null; then am__color_tests=yes; fi; if test $$am__color_tests = yes; then red='[0;31m'; grn='[0;32m'; lgn='[1;32m'; blu='[1;34m'; mgn='[0;35m'; brg='[1m'; std='[m'; fi; }
# makefile (from `Makefile', line 130)
tests_examplemod_examplemod_test_Runner_DEPENDENCIES = src/examplemod/libexamplemod.a
# makefile (from `Makefile', line 467)
RANLIB = ranlib
# environment
PKG_CONFIG_PATH = /usr/local/opt/ruby/lib/pkgconfig
# makefile (from `Makefile', line 501)
mandir = ${datarootdir}/man
# environment
ORIGINAL_XDG_CURRENT_DESKTOP = undefined
# makefile (from `Makefile', line 109)
AM_V_AR = $(am__v_AR_$(V))
# makefile (from `Makefile', line 519)
src_m65tool_m65tool_LDADD = src/examplemod/libexamplemod.a
# makefile (from `Makefile', line 497)
libdir = ${exec_prefix}/lib
# makefile (from `Makefile', line 511)
sysconfdir = ${prefix}/etc
# makefile (from `Makefile', line 110)
am__v_AR_ = $(am__v_AR_$(AM_DEFAULT_VERBOSITY))
# environment
VSCODE_AMD_ENTRYPOINT = vs/workbench/api/node/extensionHostProcess
# environment
HOME = /Users/dan
# makefile (from `Makefile', line 205)
AM_RECURSIVE_TARGETS = cscope check recheck
# makefile (from `Makefile', line 496)
install_sh = ${SHELL} /Users/dan/Projects/m65tool/install-sh
 
# makefile (from `Makefile', line 390)
TEST_EXTENSIONS = .test
# makefile (from `Makefile', line 101)
mkinstalldirs = $(install_sh) -d
# makefile (from `Makefile', line 480)
am__leading_dot = .
# default
MAKEFILEPATH = $(shell /usr/bin/xcode-select -print-path 2>/dev/null || echo /Developer)/Makefiles
# environment
VSCODE_CODE_CACHE_PATH = /Users/dan/Library/Application Support/Code/CachedData/da76f93349a72022ca4670c1b84860304616aaa2
# makefile (from `Makefile', line 255)
am__recheck_rx = ^[ 	]*:recheck:[ 	]*
# environment
LOGNAME = dan
# makefile (from `Makefile', line 513)
top_build_prefix = 
# environment
APPLICATION_INSIGHTS_NO_DIAGNOSTIC_CHANNEL = 1
# makefile (from `Makefile', line 73)
am__make_keepgoing = (target_option=k; $(am__make_running_with_option))
# makefile (from `Makefile', line 93)
ACLOCAL_M4 = $(top_srcdir)/aclocal.m4
# makefile (from `Makefile', line 485)
build_alias = 
# makefile (from `Makefile', line 111)
am__v_AR_0 = @echo "  AR      " $@;
# makefile (from `Makefile', line 161)
COMPILE = $(CC) $(DEFS) $(DEFAULT_INCLUDES) $(INCLUDES) $(AM_CPPFLAGS) $(CPPFLAGS) $(AM_CFLAGS) $(CFLAGS)
# makefile (from `Makefile', line 85)
PRE_INSTALL = :
# makefile (from `Makefile', line 124)
src_m65tool_m65tool_DEPENDENCIES = src/examplemod/libexamplemod.a
# makefile (from `Makefile', line 464)
PACKAGE_URL = 
# makefile (from `Makefile', line 171)
am__v_CCLD_0 = @echo "  CCLD    " $@;
# environment
VSCODE_HANDLES_UNCAUGHT_ERRORS = true
# automatic
^D = $(patsubst %/,%,$(dir $^))
# makefile (from `Makefile', line 176)
DIST_SOURCES = $(src_examplemod_libexamplemod_a_SOURCES) $(src_m65tool_m65tool_SOURCES) $(tests_examplemod_examplemod_test_Runner_SOURCES)
# makefile (from `Makefile', line 413)
top_distdir = $(distdir)
# makefile (from `Makefile', line 527)
EXTRA_DIST = docs/testdoc.md third-party/CMock/LICENSE.txt third-party/Unity/LICENSE.txt
# makefile (from `Makefile', line 500)
localstatedir = ${prefix}/var
# makefile (from `Makefile', line 466)
PATH_SEPARATOR = :
# makefile (from `Makefile', line 493)
htmldir = ${docdir}
# environment
XPC_FLAGS = 0x0
# makefile (from `Makefile', line 86)
POST_INSTALL = :
# default
MAKE = $(MAKE_COMMAND)
# default
MAKECMDGOALS := all
# makefile (from `Makefile', line 477)
ac_ct_AR = ar
# makefile (from `Makefile', line 72)
am__make_dryrun = (target_option=n; $(am__make_running_with_option))
# makefile (from `Makefile', line 87)
NORMAL_UNINSTALL = :
# environment
SHLVL = 1
# makefile (from `Makefile', line 507)
psdir = ${docdir}
# makefile (from `Makefile', line 436)
CC = gcc
# makefile (from `Makefile', line 206)
am__tty_colors_dummy = mgn= red= grn= lgn= blu= brg= std=; am__color_tests=no
# makefile (from `Makefile', line 229)
am__vpath_adj = case $$p in $(srcdir)/*) f=`echo "$$p" | sed "s|^$$srcdirstrip/||"`;; *) f=$$p;; esac;
# makefile (from `Makefile', line 509)
sharedstatedir = ${prefix}/com
# makefile (from `Makefile', line 407)
TEST_LOG_COMPILE = $(TEST_LOG_COMPILER) $(AM_TEST_LOG_FLAGS) $(TEST_LOG_FLAGS)
# default
MAKE_VERSION := 3.81
# environment
USER = dan
# makefile (from `Makefile', line 112)
am__v_AR_1 = 
# makefile (from `Makefile', line 427)
distcleancheck_listfiles = find . -type f -print
# environment
DANSANDERSON_ZSHRC_INCLUDED = 1
# makefile (from `Makefile', line 172)
am__v_CCLD_1 = 
# makefile (from `Makefile', line 102)
CONFIG_HEADER = config.h
# makefile (from `Makefile', line 457)
MKDIR_P = ./install-sh -c -d
# makefile (from `Makefile', line 478)
ac_ct_CC = gcc
# makefile (from `Makefile', line 463)
PACKAGE_TARNAME = m65tool
# automatic
<F = $(notdir $<)
# makefile (from `Makefile', line 149)
am__maybe_remake_depfiles = depfiles
# automatic
%D = $(patsubst %/,%,$(dir $%))
# makefile (from `Makefile', line 403)
am__test_logs1 = $(TESTS:=.log)
# makefile (from `Makefile', line 333)
am__rst_title = { sed 's/.*/   &   /;h;s/./=/g;p;x;s/ *$$//;p;g' && echo; }
# makefile (from `Makefile', line 108)
ARFLAGS = cru
# default
MAKE_COMMAND := /Library/Developer/CommandLineTools/usr/bin/make
# makefile (from `Makefile', line 95)
am__configure_deps = $(am__aclocal_m4_deps) $(CONFIGURE_DEPENDENCIES) $(ACLOCAL_M4)
# makefile (from `Makefile', line 505)
prefix = /usr/local
# makefile (from `Makefile', line 121)
am_src_m65tool_m65tool_OBJECTS = src/m65tool/m65tool-m65tool.$(OBJEXT)
# makefile (from `Makefile', line 97)
DIST_COMMON = $(srcdir)/Makefile.am $(top_srcdir)/configure $(am__configure_deps) $(am__DIST_COMMON)
# default
.VARIABLES := 
# makefile (from `Makefile', line 508)
sbindir = ${exec_prefix}/sbin
# environment
TMPDIR = /var/folders/7h/16z8nm7n43s90x17zbz0y67w0000gn/T/
# automatic
*F = $(notdir $*)
# makefile (from `Makefile', line 82)
INSTALL_HEADER = $(INSTALL_DATA)
# environment
VSCODE_IPC_HOOK = /Users/dan/Library/Application Support/Code/1.70.0-main.sock
# makefile (from `Makefile', line 429)
AMTAR = $${TAR-tar}
# makefile (from `Makefile', line 77)
pkglibexecdir = $(libexecdir)/m65tool
# environment
MallocNanoZone = 0
# makefile (from `Makefile', line 239)
am__nobase_list = $(am__nobase_strip_setup); for p in $$list; do echo "$$p $$p"; done | sed "s| $$srcdirstrip/| |;"' / .*\//!s/ .*/ ./; s,\( .*\)/[^/]*$$,\1,' | $(AWK) 'BEGIN { files["."] = "" } { files[$$2] = files[$$2] " " $$1; if (++n[$$2] == $(am__install_max)) { print $$2, files[$$2]; n[$$2] = 0; files[$$2] = "" } } END { for (dir in files) print dir, files[dir] }'
# makefile (from `Makefile', line 526)
tests_examplemod_examplemod_test_Runner_CPPFLAGS = -I$(top_srcdir)/third-party/Unity/src -I$(top_srcdir)/src/examplemod
# makefile (from `Makefile', line 257)
 
am__copy_in_global_log_rx = ^[ 	]*:copy-in-global-log:[ 	]*
# makefile
MAKEFLAGS = Rrqp
# makefile (from `Makefile', line 158)
am__v_lt_ = $(am__v_lt_$(AM_DEFAULT_VERBOSITY))
# environment
MFLAGS = -Rrqp
# automatic
*D = $(patsubst %/,%,$(dir $*))
# environment
XPC_SERVICE_NAME = application.com.microsoft.VSCode.188910449.188910455
# makefile (from `Makefile', line 460)
PACKAGE_BUGREPORT = 
# automatic
+D = $(patsubst %/,%,$(dir $+))
# makefile (from `Makefile', line 423)
DIST_TARGETS = dist-gzip
# makefile (from `Makefile', line 420)
am__post_remove_distdir = $(am__remove_distdir)
# makefile (from `Makefile', line 143)
AM_V_at = $(am__v_at_$(V))
# automatic
+F = $(notdir $+)
# environment
EMACS_EDITOR = /Applications/Emacs.app/Contents/MacOS/bin/emacsclient -c -a '/Applications/Emacs.app/Contents/MacOS/Emacs'
# makefile (from `Makefile', line 159)
am__v_lt_0 = --silent
# makefile (from `Makefile', line 495)
infodir = ${datarootdir}/info
# makefile (from `Makefile', line 471)
STRIP = 
# makefile (from `Makefile', line 167)
CCLD = $(CC)
# makefile (from `Makefile', line 145)
am__v_at_0 = @
# makefile (from `Makefile', line 461)
PACKAGE_NAME = m65tool
# makefile (from `Makefile', line 479)
am__include = include
# makefile (from `Makefile', line 520)
src_m65tool_m65tool_CPPFLAGS = -I$(top_srcdir)/src/examplemod
# environment
__CF_USER_TEXT_ENCODING = 0x1F5:0x0:0x0
# makefile (from `Makefile', line 393)
am__set_b = case '$@' in */*) case '$*' in */*) b='$*';; *) b=`echo '$@' | sed 's/\.log$$//'`; esac;; *) b='$*';; esac
# makefile (from `Makefile', line 170)
am__v_CCLD_ = $(am__v_CCLD_$(AM_DEFAULT_VERBOSITY))
# environment
COMMAND_MODE = unix2003
# default
MAKEFILES := 
# makefile (from `Makefile', line 442)
DEPDIR = .deps
# makefile (from `Makefile', line 514)
top_builddir = .
# makefile (from `Makefile', line 189)
am__uniquify_input = $(AWK) ' BEGIN { nonempty = 0; } { items[$$0] = 1; nonempty = 1; } END { if (nonempty) { for (i in items) print i; }; } '
# environment
DANSANDERSON_ZSHENV_INCLUDED = 1
# makefile (from `Makefile', line 437)
CCDEPMODE = depmode=gcc3
# makefile (from `Makefile', line 440)
CYGPATH_W = echo
# makefile (from `Makefile', line 235)
am__nobase_strip_setup = srcdirstrip=`echo "$(srcdir)" | sed 's/[].[^$$\\*|]/\\\\&/g'`
# makefile (from `Makefile', line 430)
AM_DEFAULT_VERBOSITY = 1
# makefile (from `Makefile', line 76)
pkglibdir = $(libdir)/m65tool
# makefile (from `Makefile', line 261)
am__list_recheck_tests = $(AWK) '{ recheck = 1; while ((rc = (getline line < ($$0 ".trs"))) != 0) { if (rc < 0) { if ((getline line2 < ($$0 ".log")) < 0) recheck = 0; break; } else if (line ~ /$(am__recheck_rx)[nN][Oo]/) { recheck = 0; break; } else if (line ~ /$(am__recheck_rx)[yY][eE][sS]/) { break; } }; if (recheck) print $$0; close ($$0 ".trs"); close ($$0 ".log"); }'
# makefile (from `Makefile', line 476)
abs_top_srcdir = /Users/dan/Projects/m65tool
# environment
EDITOR = nova
# makefile (from `Makefile', line 473)
abs_builddir = /Users/dan/Projects/m65tool
# makefile (from `Makefile', line 179)
am__can_run_installinfo = case $$AM_UPDATE_INFO_DIR in n|no|NO) false;; *) (install-info --version) >/dev/null 2>&1;; esac
# environment
LC_ALL = C
# makefile (from `Makefile', line 445)
ECHO_T = 
# makefile (from `Makefile', line 107)
LIBRARIES = $(noinst_LIBRARIES)
# makefile (from `Makefile', line 128)
tests_examplemod_examplemod_test_Runner_OBJECTS = $(am_tests_examplemod_examplemod_test_Runner_OBJECTS)
# makefile (from `Makefile', line 446)
EXEEXT = 
# makefile (from `Makefile', line 146)
am__v_at_1 = 
# makefile (from `Makefile', line 404)
am__test_logs2 = $(am__test_logs1:.log=.log)
# makefile (from `Makefile', line 421)
DIST_ARCHIVES = $(distdir).tar.gz
# makefile (from `Makefile', line 113)
src_examplemod_libexamplemod_a_AR = $(AR) $(ARFLAGS)
# automatic
^F = $(notdir $^)
# makefile (from `Makefile', line 406)
TEST_LOG_DRIVER = $(SHELL) $(top_srcdir)/test-driver
# makefile (from `Makefile', line 518)
src_m65tool_m65tool_SOURCES = src/m65tool/m65tool.c src/examplemod/examplemod.h
# default
SUFFIXES := 
# makefile (from `Makefile', line 184)
am__tagged_files = $(HEADERS) $(SOURCES) $(TAGS_FILES) $(LISP)config.h.in
# makefile (from `Makefile', line 454)
LIBS = 
# makefile (from `Makefile', line 512)
target_alias = 
# makefile (from `Makefile', line 498)
 
libexecdir = ${exec_prefix}/libexec
# makefile (from `Makefile', line 432)
AUTOCONF = ${SHELL} /Users/dan/Projects/m65tool/missing autoconf
# makefile (from `Makefile', line 434)
AUTOMAKE = ${SHELL} /Users/dan/Projects/m65tool/missing automake-1.16
# makefile (from `Makefile', line 517)
src_examplemod_libexamplemod_a_SOURCES = src/examplemod/examplemod.c src/examplemod/examplemod.h src/examplemod/priv1.c src/examplemod/priv1.h
# makefile (from `Makefile', line 492)
host_alias = 
# makefile (from `Makefile', line 114)
src_examplemod_libexamplemod_a_LIBADD = 
# makefile (from `Makefile', line 156)
am__mv = mv -f
# default
.INCLUDE_DIRS = /usr/local/include
# makefile (from `Makefile', line 448)
INSTALL_DATA = ${INSTALL} -m 644
# makefile (from `Makefile', line 489)
docdir = ${datarootdir}/doc/${PACKAGE_TARNAME}
# makefile (from `Makefile', line 123)
src_m65tool_m65tool_OBJECTS = $(am_src_m65tool_m65tool_OBJECTS)
# environment
MAKELEVEL := 0
# makefile (from `Makefile', line 456)
MAKEINFO = ${SHELL} /Users/dan/Projects/m65tool/missing makeinfo
# makefile
.DEFAULT_GOAL := all
# makefile (from `Makefile', line 412)
distdir = $(PACKAGE)-$(VERSION)
# makefile (from `Makefile', line 74)
pkgdatadir = $(datadir)/m65tool
# makefile (from `Makefile', line 234)
am__install_max = 40
# makefile (from `Makefile', line 459)
PACKAGE = m65tool
# environment
LANG = C
# makefile (from `Makefile', line 203)
CTAGS = ctags
# makefile (from `Makefile', line 487)
datadir = ${datarootdir}
# environment
VSCODE_PID = 337
# makefile (from `Makefile', line 468)
RUBY = /usr/local/opt/ruby/bin/ruby
# makefile (from `Makefile', line 160)
am__v_lt_1 = 
# makefile (from `Makefile', line 433)
AUTOHEADER = ${SHELL} /Users/dan/Projects/m65tool/missing autoheader
# makefile (from `Makefile', line 88)
PRE_UNINSTALL = :
# makefile (from `Makefile', line 132)
tests_examplemod_examplemod_test_Runner_LINK = $(CCLD) $(AM_CFLAGS) $(CFLAGS) $(tests_examplemod_examplemod_test_Runner_LDFLAGS) $(LDFLAGS) -o $@
# makefile (from `Makefile', line 414)
am__remove_distdir = if test -d "$(distdir)"; then find "$(distdir)" -type d ! -perm -200 -exec chmod u+w {} ';' && rm -rf "$(distdir)" || { sleep 5 && rm -rf "$(distdir)"; }; else :; fi
# makefile (from `Makefile', line 422)
GZIP_ENV = --best
# variable set hash-table stats:
# Load=301/1024=29%, Rehash=0, Collisions=141/571=25%

# Pattern-specific Variable Values

# No pattern-specific variable values.

# Directories

# . (device 16777220, inode 191051058): 33 files, no impossibilities.

# 33 files, no impossibilities in 1 directories.

# Implicit Rules

%.c:

%.o: %.c
#  commands to execute (from `Makefile', line 706):
	$(AM_V_CC)depbase=`echo $@ | sed 's|[^/]*$$|$(DEPDIR)/&|;s|\.o$$||'`;\
	$(COMPILE) -MT $@ -MD -MP -MF $$depbase.Tpo -c -o $@ $< &&\
	$(am__mv) $$depbase.Tpo $$depbase.Po
	

%.obj: %.c
#  commands to execute (from `Makefile', line 714):
	$(AM_V_CC)depbase=`echo $@ | sed 's|[^/]*$$|$(DEPDIR)/&|;s|\.obj$$||'`;\
	$(COMPILE) -MT $@ -MD -MP -MF $$depbase.Tpo -c -o $@ `$(CYGPATH_W) '$<'` &&\
	$(am__mv) $$depbase.Tpo $$depbase.Po
	

%.log:

%.trs: %.log
#  commands to execute (from `Makefile', line 841):
	rm -f $< $@
	$(MAKE) $(AM_MAKEFLAGS) $<
	

%.o:

%.obj:

%.test:

%.log: %.test
#  commands to execute (from `Makefile', line 985):
	@p='$<'; \
	$(am__set_b); \
	$(am__check_pre) $(TEST_LOG_DRIVER) --test-name "$$f" \
	--log-file $$b.log --trs-file $$b.trs \
	$(am__common_driver_flags) $(AM_TEST_LOG_DRIVER_FLAGS) $(TEST_LOG_DRIVER_FLAGS) -- $(TEST_LOG_COMPILE) \
	"$$tst" $(AM_TESTS_FD_REDIRECT)
	

%.trs:

# 10 implicit rules, 0 (0.0%) terminal.

# Files

distclean-compile:
#  Phony target (prerequisite of .PHONY).
#  Implicit rule search has not been done.
#  File does not exist.
#  File has not been updated.
#  commands to execute (from `Makefile', line 690):
	-rm -f *.tab.c
	

cscopelist: cscopelist-am
 
#  Implicit rule search has not been done.
#  Modification time never checked.
#  File has not been updated.

dist-tarZ: distdir
#  Phony target (prerequisite of .PHONY).
#  Implicit rule search has not been done.
#  File does not exist.
#  File has not been updated.
#  commands to execute (from `Makefile', line 1058):
	@echo WARNING: "Support for distribution archives compressed with" \
	"legacy program 'compress' is deprecated." >&2
	@echo WARNING: "It will be removed altogether in Automake 2.0" >&2
	tardir=$(distdir) && $(am__tar) | compress -c >$(distdir).tar.Z
	$(am__post_remove_distdir)
	

install-man:
#  Phony target (prerequisite of .PHONY).
#  Implicit rule search has not been done.
#  File does not exist.
#  File has not been updated.

tests/examplemod/examplemod_test_Runner-examplemod_test_Runner.obj: tests/examplemod/examplemod_test_Runner.c
#  Implicit rule search has not been done.
#  Modification time never checked.
#  File has not been updated.
#  commands to execute (from `Makefile', line 743):
	$(AM_V_CC)$(CC) $(DEFS) $(DEFAULT_INCLUDES) $(INCLUDES) $(tests_examplemod_examplemod_test_Runner_CPPFLAGS) $(CPPFLAGS) $(AM_CFLAGS) $(CFLAGS) -MT tests/examplemod/examplemod_test_Runner-examplemod_test_Runner.obj -MD -MP -MF tests/examplemod/$(DEPDIR)/examplemod_test_Runner-examplemod_test_Runner.Tpo -c -o tests/examplemod/examplemod_test_Runner-examplemod_test_Runner.obj `if test -f 'tests/examplemod/examplemod_test_Runner.c'; then $(CYGPATH_W) 'tests/examplemod/examplemod_test_Runner.c'; else $(CYGPATH_W) '$(srcdir)/tests/examplemod/examplemod_test_Runner.c'; fi`
	$(AM_V_at)$(am__mv) tests/examplemod/$(DEPDIR)/examplemod_test_Runner-examplemod_test_Runner.Tpo tests/examplemod/$(DEPDIR)/examplemod_test_Runner-examplemod_test_Runner.Po
	

maintainer-clean: maintainer-clean-am
#  Phony target (prerequisite of .PHONY).
#  Implicit rule search has not been done.
 
#  File does not exist.
#  File has not been updated.
#  commands to execute (from `Makefile', line 1274):
	-rm -f $(am__CONFIG_DISTCLEAN_FILES)
	-rm -rf $(top_srcdir)/autom4te.cache
	-rm -f src/examplemod/$(DEPDIR)/examplemod.Po
	-rm -f src/examplemod/$(DEPDIR)/priv1.Po
	-rm -f src/m65tool/$(DEPDIR)/m65tool-m65tool.Po
	-rm -f tests/examplemod/$(DEPDIR)/examplemod_test_Runner-examplemod_test.Po
	-rm -f tests/examplemod/$(DEPDIR)/examplemod_test_Runner-examplemod_test_Runner.Po
	-rm -f third-party/Unity/src/$(DEPDIR)/tests_examplemod_examplemod_test_Runner-unity.Po
	-rm -f Makefile
	

install-pdf: install-pdf-am
#  Phony target (prerequisite of .PHONY).
#  Implicit rule search has not been done.
#  File does not exist.
#  File has not been updated.

tests/examplemod/examplemod_test_Runner: tests/examplemod/examplemod_test_Runner-examplemod_test_Runner.o tests/examplemod/examplemod_test_Runner-examplemod_test.o third-party/Unity/src/tests_examplemod_examplemod_test_Runner-unity.o src/examplemod/libexamplemod.a tests/examplemod/.dirstamp
#  Implicit rule search has not been done.
#  Modification time never checked.
#  File has not been updated.
#  commands to execute (from `Makefile', line 679):
	@rm -f tests/examplemod/examplemod_test_Runner$(EXEEXT)
	$(AM_V_CCLD)$(tests_examplemod_examplemod_test_Runner_LINK) $(tests_examplemod_examplemod_test_Runner_OBJECTS) $(tests_examplemod_examplemod_test_Runner_LDADD) $(LIBS)
	

install-dvi-am:
#  Phony target (prerequisite of .PHONY).
#  Implicit rule search has not been done.
#  File does not exist.
#  File has not been updated.

GTAGS:
#  Phony target (prerequisite of .PHONY).
#  Implicit rule search has not been done.
#  File does not exist.
#  File has not been updated.
#  commands to execute (from `Makefile', line 807):
 
	here=`$(am__cd) $(top_builddir) && pwd` \
	&& $(am__cd) $(top_srcdir) \
	&& gtags -i $(GTAGS_ARGS) "$$here"
	

# Not a target:
.test:
#  Implicit rule search has not been done.
#  Modification time never checked.
#  File has not been updated.

.log.trs:
#  Implicit rule search has not been done.
#  Modification time never checked.
#  File has not been updated.
#  commands to execute (from `Makefile', line 841):
	rm -f $< $@
	$(MAKE) $(AM_MAKEFLAGS) $<
	

# Not a target:
src/examplemod/examplemod.h:
#  Implicit rule search has not been done.
#  Modification time never checked.
#  File has not been updated.

distdir-am: Makefile.am configure configure.ac aclocal.m4 Makefile.in config.h.in ar-lib compile depcomp install-sh missing test-driver src/examplemod/examplemod.c src/examplemod/examplemod.h src/examplemod/priv1.c src/examplemod/priv1.h src/m65tool/m65tool.c src/examplemod/examplemod.h tests/examplemod/examplemod_test_Runner.c tests/examplemod/examplemod_test.c third-party/Unity/src/unity.c third-party/Unity/src/unity.h third-party/Unity/src/unity_internals.h third-party/Unity/auto/generate_test_runner.rb docs/testdoc.md third-party/CMock/LICENSE.txt third-party/Unity/LICENSE.txt
#  Implicit rule search has not been done.
#  Modification time never checked.
#  File has not been updated.
#  commands to execute (from `Makefile', line 1003):
	$(am__remove_distdir)
	test -d "$(distdir)" || mkdir "$(distdir)"
	@srcdirstrip=`echo "$(srcdir)" | sed 's/[].[^$$\\*]/\\\\&/g'`; \
	topsrcdirstrip=`echo "$(top_srcdir)" | sed 's/[].[^$$\\*]/\\\\&/g'`; \
	list='$(DISTFILES)'; \
	dist_files=`for file in $$list; do echo $$file; done | \
	sed -e "s|^$$srcdirstrip/||;t" \
	-e "s|^$$topsrcdirstrip/|$(top_builddir)/|;t"`; \
	case $$dist_files in \
	*/*) $(MKDIR_P) `echo "$$dist_files" | \
	sed '/\//!d;s|^|$(distdir)/|;s,/[^/]*$$,,' | \
	sort -u` ;; \
	esac; \
	for file in $$dist_files; do \
	if test -f $$file || test -d $$file; then d=.; else d=$(srcdir); fi; \
	if test -d $$d/$$file; then \
	dir=`echo "/$$file" | sed -e 's,/[^/]*$$,,'`; \
	if test -d "$(distdir)/$$file"; then \
	find "$(distdir)/$$file" -type d ! -perm -700 -exec chmod u+rwx {} \;; \
	fi; \
	if test -d $(srcdir)/$$file && test $$d != $(srcdir); then \
	cp -fpR $(srcdir)/$$file "$(distdir)$$dir" || exit 1; \
	find "$(distdir)/$$file" -type d ! -perm -700 -exec chmod u+rwx {} \;; \
	fi; \
	cp -fpR $$d/$$file "$(distdir)$$dir" || exit 1; \
	else \
	test -f "$(distdir)/$$file" \
	|| cp -p $$d/$$file "$(distdir)/$$file" \
	|| exit 1; \
	fi; \
	done
	-test -n "$(am__skip_mode_fix)" \
	|| find "$(distdir)" -type d ! -perm -755 \
	-exec chmod u+rwx,go+rx {} \; -o \
	! -type d ! -perm -444 -links 1 -exec chmod a+r {} \; -o \
	! -type d ! -perm -400 -exec chmod a+r {} \; -o \
	! -type d ! -perm -444 -exec $(install_sh) -c -m a+r {} {} \; \
	|| chmod -R a+r "$(distdir)"
	

# Not a target:
test-driver:
#  Implicit rule search has not been done.
#  Modification time never checked.
#  File has not been updated.

# Not a target:
docs/testdoc.md:
#  Implicit rule search has not been done.
#  Modification time never checked.
#  File has not been updated.

distclean-tags:
#  Phony target (prerequisite of .PHONY).
#  Implicit rule search has not been done.
#  File does not exist.
#  File has not been updated.
#  commands to execute (from `Makefile', line 833):
	-rm -f TAGS ID GTAGS GRTAGS GSYMS GPATH tags
	-rm -f cscope.out cscope.in.out cscope.po.out cscope.files
	

info-am:
#  Phony target (prerequisite of .PHONY).
#  Implicit rule search has not been done.
#  File does not exist.
#  File has not been updated.

install-am: all-am
#  Phony target (prerequisite of .PHONY).
#  Implicit rule search has not been done.
#  File does not exist.
#  File has not been updated.
#  commands to execute (from `Makefile', line 1180):
	@$(MAKE) $(AM_MAKEFLAGS) install-exec-am install-data-am
	

# Not a target:
install-sh:
#  Implicit rule search has not been done.
#  Modification time never checked.
#  File has not been updated.

tests/examplemod/examplemod_test_Runner.trs:
#  Implicit rule search has not been done.
#  Modification time never checked.
#  File has not been updated.

cscopelist-am: src/examplemod/examplemod.c src/examplemod/examplemod.h src/examplemod/priv1.c src/examplemod/priv1.h src/m65tool/m65tool.c src/examplemod/examplemod.h tests/examplemod/examplemod_test_Runner.c tests/examplemod/examplemod_test.c third-party/Unity/src/unity.c third-party/Unity/src/unity.h third-party/Unity/src/unity_internals.h third-party/Unity/auto/generate_test_runner.rb config.h.in
#  Phony target (prerequisite of .PHONY).
#  Implicit rule search has not been done.
#  File does not exist.
#  File has not been updated.
#  commands to execute (from `Makefile', line 819):
	list='$(am__tagged_files)'; \
	case "$(srcdir)" in \
	[\\/]* | ?:[\\/]*) sdir="$(srcdir)" ;; \
 
	*) sdir=$(subdir)/$(srcdir) ;; \
	esac; \
	for i in $$list; do \
	if test -f "$$i"; then \
	echo "$(subdir)/$$i"; \
	else \
	echo "$$sdir/$$i"; \
	fi; \
	done >> $(top_builddir)/cscope.files
	

third-party/Unity/src/.deps/tests_examplemod_examplemod_test_Runner-unity.Po:
#  Implicit rule search has not been done.
#  Last modified 2022-08-07 11:24:25
#  File has been updated.
#  Successfully updated.
#  commands to execute (from `Makefile', line 700):
	@$(MKDIR_P) $(@D)
	@echo '# dummy' >$@-t && $(am__mv) $@-t $@
	

pdf: pdf-am
#  Phony target (prerequisite of .PHONY).
#  Implicit rule search has not been done.
#  File does not exist.
#  File has not been updated.

src/m65tool/m65tool: src/m65tool/m65tool-m65tool.o src/examplemod/libexamplemod.a src/m65tool/.dirstamp
#  Implicit rule search has not been done.
#  Modification time never checked.
#  File has not been updated.
#  commands to execute (from `Makefile', line 654):
	@rm -f src/m65tool/m65tool$(EXEEXT)
	$(AM_V_CCLD)$(LINK) $(src_m65tool_m65tool_OBJECTS) $(src_m65tool_m65tool_LDADD) $(LIBS)
	

all: config.h
#  Phony target (prerequisite of .PHONY).
#  Command-line target.
#  Implicit rule search has not been done.
#  File does not exist.
#  File has been updated.
#  Needs to be updated (-q is set).
# variable set hash-table stats:
# Load=0/32=0%, Rehash=0, Collisions=0/7=0%
#  commands to execute (from `Makefile', line 529):
	$(MAKE) $(AM_MAKEFLAGS) all-am
	

maintainer-clean-am: distclean-am maintainer-clean-generic
#  Implicit rule search has not been done.
#  Modification time never checked.
#  File has not been updated.

mostlyclean-compile:
#  Phony target (prerequisite of .PHONY).
#  Implicit rule search has not been done.
#  File does not exist.
#  File has not been updated.
#  commands to execute (from `Makefile', line 683):
	-rm -f *.$(OBJEXT)
	-rm -f src/examplemod/*.$(OBJEXT)
	-rm -f src/m65tool/*.$(OBJEXT)
	-rm -f tests/examplemod/*.$(OBJEXT)
	-rm -f third-party/Unity/src/*.$(OBJEXT)
	

install-pdf-am:
#  Phony target (prerequisite of .PHONY).
#  Implicit rule search has not been done.
#  File does not exist.
#  File has not been updated.

clean-checkPROGRAMS:
#  Phony target (prerequisite of .PHONY).
#  Implicit rule search has not been done.
#  File does not exist.
#  File has not been updated.
#  commands to execute (from `Makefile', line 625):
	-test -z "$(check_PROGRAMS)" || rm -f $(check_PROGRAMS)
	

.PHONY: CTAGS GTAGS TAGS all all-am am--depfiles am--refresh check check-TESTS check-am clean clean-binPROGRAMS clean-checkPROGRAMS clean-cscope clean-generic clean-noinstLIBRARIES cscope cscopelist-am ctags ctags-am dist dist-all dist-bzip2 dist-gzip dist-lzip dist-shar dist-tarZ dist-xz dist-zip distcheck distclean distclean-compile distclean-generic distclean-hdr distclean-tags distcleancheck distdir distuninstallcheck dvi dvi-am html html-am info info-am install install-am install-binPROGRAMS install-data install-data-am install-dvi install-dvi-am install-exec install-exec-am install-html install-html-am install-info install-info-am install-man install-pdf install-pdf-am install-ps install-ps-am install-strip installcheck installcheck-am installdirs maintainer-clean maintainer-clean-generic mostlyclean mostlyclean-compile mostlyclean-generic pdf pdf-am ps ps-am recheck tags tags-am uninstall uninstall-am uninstall-binPROGRAMS
#  Implicit rule search has not been done.
#  Modification time never checked.
#  File has not been updated.

# Not a target:
src/examplemod/examplemod.c:
#  Implicit rule search has not been done.
#  Modification time never checked.
#  File has not been updated.

# Not a target:
third-party/Unity/src/unity.h:
#  Implicit rule search has not been done.
#  Modification time never checked.
#  File has not been updated.

# Not a target:
third-party/Unity/auto/generate_test_runner.rb:
#  Implicit rule search has not been done.
#  Modification time never checked.
#  File has not been updated.

distclean-generic:
#  Phony target (prerequisite of .PHONY).
#  Implicit rule search has not been done.
#  File does not exist.
#  File has not been updated.
#  commands to execute (from `Makefile', line 1202):
	-test -z "$(CONFIG_CLEAN_FILES)" || rm -f $(CONFIG_CLEAN_FILES)
	-test . = "$(srcdir)" || test -z "$(CONFIG_CLEAN_VPATH_FILES)" || rm -f $(CONFIG_CLEAN_VPATH_FILES)
	-rm -f src/examplemod/$(DEPDIR)/$(am__dirstamp)
	-rm -f src/examplemod/$(am__dirstamp)
	-rm -f src/m65tool/$(DEPDIR)/$(am__dirstamp)
	-rm -f src/m65tool/$(am__dirstamp)
	-rm -f tests/examplemod/$(DEPDIR)/$(am__dirstamp)
 
	-rm -f tests/examplemod/$(am__dirstamp)
	-rm -f third-party/Unity/src/$(DEPDIR)/$(am__dirstamp)
	-rm -f third-party/Unity/src/$(am__dirstamp)
	

clean-binPROGRAMS:
#  Phony target (prerequisite of .PHONY).
#  Implicit rule search has not been done.
#  File does not exist.
#  File has not been updated.
#  commands to execute (from `Makefile', line 622):
	-test -z "$(bin_PROGRAMS)" || rm -f $(bin_PROGRAMS)
	

clean-generic:
#  Phony target (prerequisite of .PHONY).
#  Implicit rule search has not been done.
#  File does not exist.
#  File has not been updated.
#  commands to execute (from `Makefile', line 1199):
	-test -z "$(CLEANFILES)" || rm -f $(CLEANFILES)
	

.PRECIOUS: Makefile
#  Implicit rule search has not been done.
#  Modification time never checked.
#  File has not been updated.

install-exec: install-exec-am
#  Phony target (prerequisite of .PHONY).
#  Implicit rule search has not been done.
#  File does not exist.
#  File has not been updated.

configure.ac:
#  Implicit rule search has been done.
#  Last modified 2022-08-06 01:24:08
#  File has been updated.
#  Successfully updated.
# variable set hash-table stats:
# Load=0/32=0%, Rehash=0, Collisions=0/0=0%

all-am: Makefile src/m65tool/m65tool src/examplemod/libexamplemod.a config.h
#  Phony target (prerequisite of .PHONY).
#  Implicit rule search has not been done.
#  File does not exist.
#  File has not been updated.

am--depfiles: src/examplemod/.deps/examplemod.Po src/examplemod/.deps/priv1.Po src/m65tool/.deps/m65tool-m65tool.Po tests/examplemod/.deps/examplemod_test_Runner-examplemod_test.Po tests/examplemod/.deps/examplemod_test_Runner-examplemod_test_Runner.Po third-party/Unity/src/.deps/tests_examplemod_examplemod_test_Runner-unity.Po
#  Phony target (prerequisite of .PHONY).
#  Implicit rule search has not been done.
#  File does not exist.
#  File has not been updated.

ID: src/examplemod/examplemod.c src/examplemod/examplemod.h src/examplemod/priv1.c src/examplemod/priv1.h src/m65tool/m65tool.c src/examplemod/examplemod.h tests/examplemod/examplemod_test_Runner.c tests/examplemod/examplemod_test.c third-party/Unity/src/unity.c third-party/Unity/src/unity.h third-party/Unity/src/unity_internals.h third-party/Unity/auto/generate_test_runner.rb config.h.in
#  Implicit rule search has not been done.
#  Modification time never checked.
#  File has not been updated.
#  commands to execute (from `Makefile', line 778):
	$(am__define_uniq_tagged_files); mkid -fID $$unique
	

distclean: distclean-am
#  Phony target (prerequisite of .PHONY).
#  Implicit rule search has not been done.
#  File does not exist.
#  File has not been updated.
#  commands to execute (from `Makefile', line 1222):
	-rm -f $(am__CONFIG_DISTCLEAN_FILES)
	-rm -f src/examplemod/$(DEPDIR)/examplemod.Po
	-rm -f src/examplemod/$(DEPDIR)/priv1.Po
	-rm -f src/m65tool/$(DEPDIR)/m65tool-m65tool.Po
	-rm -f tests/examplemod/$(DEPDIR)/examplemod_test_Runner-examplemod_test.Po
	-rm -f tests/examplemod/$(DEPDIR)/examplemod_test_Runner-examplemod_test_Runner.Po
	-rm -f third-party/Unity/src/$(DEPDIR)/tests_examplemod_examplemod_test_Runner-unity.Po
	-rm -f Makefile
	

am--fnord:
#  Implicit rule search has not been done.
#  Modification time never checked.
#  File has not been updated.

third-party/Unity/src/tests_examplemod_examplemod_test_Runner-unity.o: third-party/Unity/src/unity.c third-party/Unity/src/.dirstamp third-party/Unity/src/.deps/.dirstamp
#  Implicit rule search has not been done.
#  Modification time never checked.
#  File has not been updated.
#  commands to execute (from `Makefile', line 764):
	$(AM_V_CC)$(CC) $(DEFS) $(DEFAULT_INCLUDES) $(INCLUDES) $(tests_examplemod_examplemod_test_Runner_CPPFLAGS) $(CPPFLAGS) $(AM_CFLAGS) $(CFLAGS) -MT third-party/Unity/src/tests_examplemod_examplemod_test_Runner-unity.o -MD -MP -MF third-party/Unity/src/$(DEPDIR)/tests_examplemod_examplemod_test_Runner-unity.Tpo -c -o third-party/Unity/src/tests_examplemod_examplemod_test_Runner-unity.o `test -f 'third-party/Unity/src/unity.c' || echo '$(srcdir)/'`third-party/Unity/src/unity.c
	$(AM_V_at)$(am__mv) third-party/Unity/src/$(DEPDIR)/tests_examplemod_examplemod_test_Runner-unity.Tpo third-party/Unity/src/$(DEPDIR)/tests_examplemod_examplemod_test_Runner-unity.Po
	

# Not a target:
src/examplemod/priv1.c:
#  Implicit rule search has not been done.
#  Modification time never checked.
#  File has not been updated.

recheck: all tests/examplemod/examplemod_test_Runner
#  Phony target (prerequisite of .PHONY).
#  Implicit rule search has not been done.
#  File does not exist.
#  File has not been updated.
#  commands to execute (from `Makefile', line 967):
	@test -z "$(TEST_SUITE_LOG)" || rm -f $(TEST_SUITE_LOG)
	@set +e; $(am__set_TESTS_bases); \
	bases=`for i in $$bases; do echo $$i; done \
	| $(am__list_recheck_tests)` || exit 1; \
	log_list=`for i in $$bases; do echo $$i.log; done`; \
	log_list=`echo $$log_list`; \
 
	$(MAKE) $(AM_MAKEFLAGS) $(TEST_SUITE_LOG) \
	am__force_recheck=am--force-recheck \
	TEST_LOGS="$$log_list"; \
	exit $$?
	

tests/examplemod/examplemod_test_Runner-examplemod_test.obj: tests/examplemod/examplemod_test.c
#  Implicit rule search has not been done.
#  Modification time never checked.
#  File has not been updated.
#  commands to execute (from `Makefile', line 757):
	$(AM_V_CC)$(CC) $(DEFS) $(DEFAULT_INCLUDES) $(INCLUDES) $(tests_examplemod_examplemod_test_Runner_CPPFLAGS) $(CPPFLAGS) $(AM_CFLAGS) $(CFLAGS) -MT tests/examplemod/examplemod_test_Runner-examplemod_test.obj -MD -MP -MF tests/examplemod/$(DEPDIR)/examplemod_test_Runner-examplemod_test.Tpo -c -o tests/examplemod/examplemod_test_Runner-examplemod_test.obj `if test -f 'tests/examplemod/examplemod_test.c'; then $(CYGPATH_W) 'tests/examplemod/examplemod_test.c'; else $(CYGPATH_W) '$(srcdir)/tests/examplemod/examplemod_test.c'; fi`
	$(AM_V_at)$(am__mv) tests/examplemod/$(DEPDIR)/examplemod_test_Runner-examplemod_test.Tpo tests/examplemod/$(DEPDIR)/examplemod_test_Runner-examplemod_test.Po
	

.SUFFIXES: .c .log .o .obj .test .test .trs
#  Implicit rule search has not been done.
#  Modification time never checked.
#  File has not been updated.

tags: tags-am
#  Phony target (prerequisite of .PHONY).
#  Implicit rule search has not been done.
#  File does not exist.
#  File has not been updated.

uninstall: uninstall-am
#  Phony target (prerequisite of .PHONY).
#  Implicit rule search has not been done.
#  File does not exist.
#  File has not been updated.

install-exec-am: install-binPROGRAMS
#  Phony target (prerequisite of .PHONY).
#  Implicit rule search has not been done.
#  File does not exist.
#  File has not been updated.

info: info-am
#  Phony target (prerequisite of .PHONY).
#  Implicit rule search has not been done.
#  File does not exist.
#  File has not been updated.

Makefile: Makefile.in config.status
#  Precious file (prerequisite of .PRECIOUS).
#  Implicit rule search has not been done.
#  Last modified 2022-08-07 11:24:24
#  File has been updated.
#  Successfully updated.
# variable set hash-table stats:
# Load=0/32=0%, Rehash=0, Collisions=0/0=0%
#  commands to execute (from `Makefile', line 549):
	@case '$?' in \
	*config.status*) \
	echo ' $(SHELL) ./config.status'; \
	$(SHELL) ./config.status;; \
	*) \
	echo ' cd $(top_builddir) && $(SHELL) ./config.status $@ $(am__maybe_remake_depfiles)'; \
	cd $(top_builddir) && $(SHELL) ./config.status $@ $(am__maybe_remake_depfiles);; \
	esac;
	

Makefile.in: Makefile.am configure.ac aclocal.m4
#  Implicit rule search has not been done.
#  Last modified 2022-08-07 11:24:23
#  File has been updated.
#  Successfully updated.
# variable set hash-table stats:
# Load=0/32=0%, Rehash=0, Collisions=0/0=0%
#  commands to execute (from `Makefile', line 536):
	@for dep in $?; do \
	case '$(am__configure_deps)' in \
	*$$dep*) \
	echo ' cd $(srcdir) && $(AUTOMAKE) --foreign'; \
	$(am__cd) $(srcdir) && $(AUTOMAKE) --foreign \
	&& exit 0; \
	exit 1;; \
	esac; \
	done; \
	echo ' cd $(top_srcdir) && $(AUTOMAKE) --foreign Makefile'; \
	$(am__cd) $(top_srcdir) && \
	$(AUTOMAKE) --foreign Makefile
	

distclean-am: clean-am distclean-compile distclean-generic distclean-hdr distclean-tags
#  Implicit rule search has not been done.
#  Modification time never checked.
#  File has not been updated.

src/m65tool/.deps/m65tool-m65tool.Po:
#  Implicit rule search has not been done.
#  Last modified 2022-08-07 11:24:25
#  File has been updated.
#  Successfully updated.
#  commands to execute (from `Makefile', line 700):
	@$(MKDIR_P) $(@D)
	@echo '# dummy' >$@-t && $(am__mv) $@-t $@
	

# Not a target:
third-party/Unity/LICENSE.txt:
#  Implicit rule search has not been done.
#  Modification time never checked.
#  File has not been updated.

clean-cscope:
#  Phony target (prerequisite of .PHONY).
#  Implicit rule search has not been done.
#  File does not exist.
#  File has not been updated.
#  commands to execute (from `Makefile', line 814):
	-rm -f cscope.files
	

# Not a target:
depcomp:
#  Implicit rule search has not been done.
#  Modification time never checked.
#  File has not been updated.

configure: configure.ac aclocal.m4
#  Implicit rule search has not been done.
#  Last modified 2022-08-07 11:24:19
#  File has been updated.
#  Successfully updated.
#  commands to execute (from `Makefile', line 562):
	$(am__cd) $(srcdir) && $(AUTOCONF)
	

# Not a target:
.trs:
#  Implicit rule search has not been done.
#  Modification time never checked.
#  File has not been updated.

tags-am: src/examplemod/examplemod.c src/examplemod/examplemod.h src/examplemod/priv1.c src/examplemod/priv1.h src/m65tool/m65tool.c src/examplemod/examplemod.h tests/examplemod/examplemod_test_Runner.c tests/examplemod/examplemod_test.c third-party/Unity/src/unity.c third-party/Unity/src/unity.h third-party/Unity/src/unity_internals.h third-party/Unity/auto/generate_test_runner.rb config.h.in
#  Phony target (prerequisite of .PHONY).
#  Implicit rule search has not been done.
#  File does not exist.
#  File has not been updated.
#  commands to execute (from `Makefile', line 783):
	set x; \
	here=`pwd`; \
	$(am__define_uniq_tagged_files); \
	shift; \
	if test -z "$(ETAGS_ARGS)$$*$$unique"; then :; else \
	test -n "$$unique" || unique=$$empty_fix; \
	if test $$# -gt 0; then \
	$(ETAGS) $(ETAGSFLAGS) $(AM_ETAGSFLAGS) $(ETAGS_ARGS) \
	"$$@" $$unique; \
	else \
	$(ETAGS) $(ETAGSFLAGS) $(AM_ETAGSFLAGS) $(ETAGS_ARGS) \
	$$unique; \
	fi; \
	fi
	

dvi: dvi-am
#  Phony target (prerequisite of .PHONY).
#  Implicit rule search has not been done.
#  File does not exist.
#  File has not been updated.

# Not a target:
third-party/Unity/src/unity.c:
#  Implicit rule search has not been done.
#  Modification time never checked.
#  File has not been updated.

tests/examplemod/.deps/.dirstamp:
#  Implicit rule search has not been done.
#  Modification time never checked.
#  File has not been updated.
#  commands to execute (from `Makefile', line 660):
	@$(MKDIR_P) tests/examplemod/$(DEPDIR)
	@: > tests/examplemod/$(DEPDIR)/$(am__dirstamp)
	

install-info: install-info-am
#  Phony target (prerequisite of .PHONY).
#  Implicit rule search has not been done.
#  File does not exist.
#  File has not been updated.

dist-gzip: distdir
#  Phony target (prerequisite of .PHONY).
#  Implicit rule search has not been done.
#  File does not exist.
#  File has not been updated.
#  commands to execute (from `Makefile', line 1042):
	tardir=$(distdir) && $(am__tar) | eval GZIP= gzip $(GZIP_ENV) -c >$(distdir).tar.gz
	$(am__post_remove_distdir)
	

tests/examplemod/examplemod_test_Runner.c:
#  Implicit rule search has not been done.
#  Modification time never checked.
#  File has not been updated.
#  commands to execute (from `Makefile', line 1323):
	test -n "$(RUBY)" || { echo "\nPlease install Ruby to run tests.\n"; exit 1; }
	$(RUBY) $(top_srcdir)/third-party/Unity/auto/generate_test_runner.rb $(top_srcdir)/tests/examplemod/examplemod_test.c
	

mostlyclean-am: mostlyclean-compile mostlyclean-generic
#  Implicit rule search has not been done.
#  Modification time never checked.
#  File has not been updated.

# Not a target:
Makefile.am:
#  Implicit rule search has been done.
#  Last modified 2022-08-06 00:01:50
#  File has been updated.
#  Successfully updated.
# variable set hash-table stats:
# Load=0/32=0%, Rehash=0, Collisions=0/0=0%

cscope: cscope.files
#  Phony target (prerequisite of .PHONY).
#  Implicit rule search has not been done.
#  File does not exist.
#  File has not been updated.
#  commands to execute (from `Makefile', line 811):
	test ! -s cscope.files \
	|| $(CSCOPE) -b -q $(AM_CSCOPEFLAGS) $(CSCOPEFLAGS) -i cscope.files $(CSCOPE_ARGS)
	

dist-bzip2: distdir
#  Phony target (prerequisite of .PHONY).
#  Implicit rule search has not been done.
#  File does not exist.
#  File has not been updated.
#  commands to execute (from `Makefile', line 1046):
	tardir=$(distdir) && $(am__tar) | BZIP2=$${BZIP2--9} bzip2 -c >$(distdir).tar.bz2
	$(am__post_remove_distdir)
	

# Not a target:
src/examplemod/priv1.h:
#  Implicit rule search has not been done.
#  Modification time never checked.
 
#  File has not been updated.

dist-shar: distdir
#  Phony target (prerequisite of .PHONY).
#  Implicit rule search has not been done.
#  File does not exist.
#  File has not been updated.
#  commands to execute (from `Makefile', line 1065):
	@echo WARNING: "Support for shar distribution archives is" \
	"deprecated." >&2
	@echo WARNING: "It will be removed altogether in Automake 2.0" >&2
	shar $(distdir) | eval GZIP= gzip $(GZIP_ENV) -c >$(distdir).shar.gz
	$(am__post_remove_distdir)
	

distcheck: dist
#  Phony target (prerequisite of .PHONY).
#  Implicit rule search has not been done.
#  File does not exist.
#  File has not been updated.
#  commands to execute (from `Makefile', line 1084):
	case '$(DIST_ARCHIVES)' in \
	*.tar.gz*) \
	eval GZIP= gzip $(GZIP_ENV) -dc $(distdir).tar.gz | $(am__untar) ;;\
	*.tar.bz2*) \
	bzip2 -dc $(distdir).tar.bz2 | $(am__untar) ;;\
	*.tar.lz*) \
	lzip -dc $(distdir).tar.lz | $(am__untar) ;;\
	*.tar.xz*) \
	xz -dc $(distdir).tar.xz | $(am__untar) ;;\
	*.tar.Z*) \
	uncompress -c $(distdir).tar.Z | $(am__untar) ;;\
	*.shar.gz*) \
	eval GZIP= gzip $(GZIP_ENV) -dc $(distdir).shar.gz | unshar ;;\
	*.zip*) \
	unzip $(distdir).zip ;;\
	esac
	chmod -R a-w $(distdir)
	chmod u+w $(distdir)
	mkdir $(distdir)/_build $(distdir)/_build/sub $(distdir)/_inst
	chmod a-w $(distdir)
	test -d $(distdir)/_build || exit 0; \
	dc_install_base=`$(am__cd) $(distdir)/_inst && pwd | sed -e 's,^[^:\\/]:[\\/],/,'` \
	&& dc_destdir="$${TMPDIR-/tmp}/am-dc-$$$$/" \
	&& am__cwd=`pwd` \
	&& $(am__cd) $(distdir)/_build/sub \
	&& ../../configure \
	$(AM_DISTCHECK_CONFIGURE_FLAGS) \
	$(DISTCHECK_CONFIGURE_FLAGS) \
	--srcdir=../.. --prefix="$$dc_install_base" \
	&& $(MAKE) $(AM_MAKEFLAGS) \
	&& $(MAKE) $(AM_MAKEFLAGS) dvi \
	&& $(MAKE) $(AM_MAKEFLAGS) check \
	&& $(MAKE) $(AM_MAKEFLAGS) install \
	&& $(MAKE) $(AM_MAKEFLAGS) installcheck \
	&& $(MAKE) $(AM_MAKEFLAGS) uninstall \
	&& $(MAKE) $(AM_MAKEFLAGS) distuninstallcheck_dir="$$dc_install_base" \
	distuninstallcheck \
	&& chmod -R a-w "$$dc_install_base" \
	&& ({ \
	(cd ../.. && umask 077 && mkdir "$$dc_destdir") \
	&& $(MAKE) $(AM_MAKEFLAGS) DESTDIR="$$dc_destdir" install \
	&& $(MAKE) $(AM_MAKEFLAGS) DESTDIR="$$dc_destdir" uninstall \
	&& $(MAKE) $(AM_MAKEFLAGS) DESTDIR="$$dc_destdir" \
	distuninstallcheck_dir="$$dc_destdir" distuninstallcheck; \
	} || { rm -rf "$$dc_destdir"; exit 1; }) \
	&& rm -rf "$$dc_destdir" \
	&& $(MAKE) $(AM_MAKEFLAGS) dist \
	&& rm -rf $(DIST_ARCHIVES) \
	&& $(MAKE) $(AM_MAKEFLAGS) distcleancheck \
	&& cd "$$am__cwd" \
	|| exit 1
	$(am__post_remove_distdir)
	@(echo "$(distdir) archives ready for distribution: "; \
	list='$(DIST_ARCHIVES)'; for i in $$list; do echo $$i; done) | \
	sed -e 1h -e 1s/./=/g -e 1p -e 1x -e '$$p' -e '$$x'
	

# Not a target:
third-party/CMock/LICENSE.txt:
#  Implicit rule search has not been done.
#  Modification time never checked.
#  File has not been updated.

cscope.files: clean-cscope cscopelist
#  Implicit rule search has not been done.
#  Modification time never checked.
#  File has not been updated.

src/m65tool/m65tool-m65tool.o: src/m65tool/m65tool.c src/m65tool/.dirstamp src/m65tool/.deps/.dirstamp
#  Implicit rule search has not been done.
#  Modification time never checked.
#  File has not been updated.
#  commands to execute (from `Makefile', line 722):
	$(AM_V_CC)$(CC) $(DEFS) $(DEFAULT_INCLUDES) $(INCLUDES) $(src_m65tool_m65tool_CPPFLAGS) $(CPPFLAGS) $(AM_CFLAGS) $(CFLAGS) -MT src/m65tool/m65tool-m65tool.o -MD -MP -MF src/m65tool/$(DEPDIR)/m65tool-m65tool.Tpo -c -o src/m65tool/m65tool-m65tool.o `test -f 'src/m65tool/m65tool.c' || echo '$(srcdir)/'`src/m65tool/m65tool.c
	$(AM_V_at)$(am__mv) src/m65tool/$(DEPDIR)/m65tool-m65tool.Tpo src/m65tool/$(DEPDIR)/m65tool-m65tool.Po
	

pdf-am:
#  Phony target (prerequisite of .PHONY).
#  Implicit rule search has not been done.
#  File does not exist.
#  File has not been updated.

# Not a target:
third-party/Unity/src/unity_internals.h:
#  Implicit rule search has not been done.
#  Modification time never checked.
#  File has not been updated.

dvi-am:
#  Phony target (prerequisite of .PHONY).
#  Implicit rule search has not been done.
#  File does not exist.
#  File has not been updated.

install-info-am:
#  Phony target (prerequisite of .PHONY).
#  Implicit rule search has not been done.
#  File does not exist.
#  File has not been updated.

tests/examplemod/.deps/examplemod_test_Runner-examplemod_test_Runner.Po:
#  Implicit rule search has not been done.
#  Last modified 2022-08-07 11:24:25
#  File has been updated.
#  Successfully updated.
#  commands to execute (from `Makefile', line 700):
	@$(MKDIR_P) $(@D)
	@echo '# dummy' >$@-t && $(am__mv) $@-t $@
	

# Not a target:
.c:
#  Implicit rule search has not been done.
#  Modification time never checked.
#  File has not been updated.

.c.o:
#  Implicit rule search has not been done.
#  Modification time never checked.
#  File has not been updated.
#  commands to execute (from `Makefile', line 706):
	$(AM_V_CC)depbase=`echo $@ | sed 's|[^/]*$$|$(DEPDIR)/&|;s|\.o$$||'`;\
	$(COMPILE) -MT $@ -MD -MP -MF $$depbase.Tpo -c -o $@ $< &&\
	$(am__mv) $$depbase.Tpo $$depbase.Po
	

distclean-hdr:
#  Phony target (prerequisite of .PHONY).
#  Implicit rule search has not been done.
#  File does not exist.
#  File has not been updated.
#  commands to execute (from `Makefile', line 580):
	-rm -f config.h stamp-h1
	

install-binPROGRAMS: src/m65tool/m65tool
#  Phony target (prerequisite of .PHONY).
#  Implicit rule search has not been done.
#  File does not exist.
#  File has not been updated.
#  commands to execute (from `Makefile', line 582):
	@$(NORMAL_INSTALL)
	@list='$(bin_PROGRAMS)'; test -n "$(bindir)" || list=; \
	if test -n "$$list"; then \
	echo " $(MKDIR_P) '$(DESTDIR)$(bindir)'"; \
	$(MKDIR_P) "$(DESTDIR)$(bindir)" || exit 1; \
	fi; \
	for p in $$list; do echo "$$p $$p"; done | \
	sed 's/$(EXEEXT)$$//' | \
	while read p p1; do if test -f $$p \
	; then echo "$$p"; echo "$$p"; else :; fi; \
	done | \
	sed -e 'p;s,.*/,,;n;h' \
	-e 's|.*|.|' \
	-e 'p;x;s,.*/,,;s/$(EXEEXT)$$//;$(transform);s/$$/$(EXEEXT)/' | \
	sed 'N;N;N;s,\n, ,g' | \
	$(AWK) 'BEGIN { files["."] = ""; dirs["."] = 1 } \
	{ d=$$3; if (dirs[d] != 1) { print "d", d; dirs[d] = 1 } \
	if ($$2 == $$4) files[d] = files[d] " " $$1; \
	else { print "f", $$3 "/" $$4, $$1; } } \
	END { for (d in files) print "f", d, files[d] }' | \
	while read type dir files; do \
	if test "$$dir" = .; then dir=; else dir=/$$dir; fi; \
	test -z "$$files" || { \
	echo " $(INSTALL_PROGRAM_ENV) $(INSTALL_PROGRAM) $$files '$(DESTDIR)$(bindir)$$dir'"; \
	$(INSTALL_PROGRAM_ENV) $(INSTALL_PROGRAM) $$files "$(DESTDIR)$(bindir)$$dir" || exit $$?; \
	} \
	; done
	

.NOEXPORT:
#  Implicit rule search has not been done.
#  Modification time never checked.
#  File has not been updated.

third-party/Unity/src/.deps/.dirstamp:
#  Implicit rule search has not been done.
#  Modification time never checked.
#  File has not been updated.
#  commands to execute (from `Makefile', line 672):
	@$(MKDIR_P) third-party/Unity/src/$(DEPDIR)
	@: > third-party/Unity/src/$(DEPDIR)/$(am__dirstamp)
	

# Not a target:
.obj:
#  Implicit rule search has not been done.
#  Modification time never checked.
#  File has not been updated.

tests/examplemod/.dirstamp:
#  Implicit rule search has not been done.
#  Modification time never checked.
#  File has not been updated.
#  commands to execute (from `Makefile', line 657):
	@$(MKDIR_P) tests/examplemod
	@: > tests/examplemod/$(am__dirstamp)
	

config.status: configure
#  Implicit rule search has not been done.
#  Last modified 2022-08-07 11:24:24
#  File has been updated.
#  Successfully updated.
#  commands to execute (from `Makefile', line 559):
	$(SHELL) ./config.status --recheck
	

.MAKE: all check-am install-am install-strip
#  Implicit rule search has not been done.
#  Modification time never checked.
#  File has not been updated.

# Not a target:
missing:
#  Implicit rule search has not been done.
#  Modification time never checked.
#  File has not been updated.

aclocal.m4: configure.ac
#  Implicit rule search has not been done.
#  Last modified 2022-08-07 11:24:18
 
#  File has been updated.
#  Successfully updated.
#  commands to execute (from `Makefile', line 564):
	$(am__cd) $(srcdir) && $(ACLOCAL) $(ACLOCAL_AMFLAGS)
	

# Not a target:
compile:
#  Implicit rule search has not been done.
#  Modification time never checked.
#  File has not been updated.

src/examplemod/.deps/.dirstamp:
#  Implicit rule search has not been done.
#  Modification time never checked.
#  File has not been updated.
#  commands to execute (from `Makefile', line 633):
	@$(MKDIR_P) src/examplemod/$(DEPDIR)
	@: > src/examplemod/$(DEPDIR)/$(am__dirstamp)
	

clean-noinstLIBRARIES:
#  Phony target (prerequisite of .PHONY).
#  Implicit rule search has not been done.
#  File does not exist.
#  File has not been updated.
#  commands to execute (from `Makefile', line 628):
	-test -z "$(noinst_LIBRARIES)" || rm -f $(noinst_LIBRARIES)
	

tests/examplemod/examplemod_test_Runner-examplemod_test_Runner.o: tests/examplemod/examplemod_test_Runner.c tests/examplemod/.dirstamp tests/examplemod/.deps/.dirstamp
#  Implicit rule search has not been done.
#  Modification time never checked.
#  File has not been updated.
#  commands to execute (from `Makefile', line 736):
	$(AM_V_CC)$(CC) $(DEFS) $(DEFAULT_INCLUDES) $(INCLUDES) $(tests_examplemod_examplemod_test_Runner_CPPFLAGS) $(CPPFLAGS) $(AM_CFLAGS) $(CFLAGS) -MT tests/examplemod/examplemod_test_Runner-examplemod_test_Runner.o -MD -MP -MF tests/examplemod/$(DEPDIR)/examplemod_test_Runner-examplemod_test_Runner.Tpo -c -o tests/examplemod/examplemod_test_Runner-examplemod_test_Runner.o `test -f 'tests/examplemod/examplemod_test_Runner.c' || echo '$(srcdir)/'`tests/examplemod/examplemod_test_Runner.c
	$(AM_V_at)$(am__mv) tests/examplemod/$(DEPDIR)/examplemod_test_Runner-examplemod_test_Runner.Tpo tests/examplemod/$(DEPDIR)/examplemod_test_Runner-examplemod_test_Runner.Po
	

# Not a target:
.DEFAULT:
#  Implicit rule search has not been done.
#  Modification time never checked.
#  File has not been updated.

config.h: stamp-h1
#  Implicit rule search has not been done.
#  Last modified 2022-08-06 00:10:49
#  File has been updated.
#  Needs to be updated (-q is set).
# variable set hash-table stats:
# Load=0/32=0%, Rehash=0, Collisions=0/7=0%
#  commands to execute (from `Makefile', line 568):
	@test -f $@ || rm -f stamp-h1
	@test -f $@ || $(MAKE) $(AM_MAKEFLAGS) stamp-h1
	

# Not a target:
tests/examplemod/examplemod_test.c:
#  Implicit rule search has not been done.
#  Modification time never checked.
#  File has not been updated.

config.h.in: configure.ac aclocal.m4
#  Implicit rule search has not been done.
#  Implicit/static pattern stem: `'
#  Last modified 2022-08-05 23:51:47
#  File has been updated.
#  Needs to be updated (-q is set).
# automatic
# @ := config.h.in
# automatic
# % := 
# automatic
# * := 
# automatic
# + := configure.ac aclocal.m4
# automatic
# | := 
# automatic
# < := configure.ac
# automatic
# ^ := configure.ac aclocal.m4
# automatic
# ? := configure.ac aclocal.m4
# variable set hash-table stats:
# Load=8/32=25%, Rehash=0, Collisions=1/16=6%
#  commands to execute (from `Makefile', line 575):
	($(am__cd) $(top_srcdir) && $(AUTOHEADER))
	rm -f stamp-h1
	touch $@
	

install-data: install-data-am
#  Phony target (prerequisite of .PHONY).
#  Implicit rule search has not been done.
#  File does not exist.
#  File has not been updated.

installcheck: installcheck-am
#  Phony target (prerequisite of .PHONY).
#  Implicit rule search has not been done.
#  File does not exist.
#  File has not been updated.

stamp-h1: config.h.in config.status
#  Implicit rule search has not been done.
#  Last modified 2022-08-07 11:24:24
#  File has been updated.
#  Needs to be updated (-q is set).
# variable set hash-table stats:
# Load=0/32=0%, Rehash=0, Collisions=0/7=0%
#  commands to execute (from `Makefile', line 572):
	@rm -f stamp-h1
	cd $(top_builddir) && $(SHELL) ./config.status config.h
	

src/examplemod/.deps/examplemod.Po:
#  Implicit rule search has not been done.
#  Last modified 2022-08-07 11:24:25
#  File has been updated.
#  Successfully updated.
#  commands to execute (from `Makefile', line 700):
	@$(MKDIR_P) $(@D)
	@echo '# dummy' >$@-t && $(am__mv) $@-t $@
	

uninstall-binPROGRAMS:
#  Phony target (prerequisite of .PHONY).
#  Implicit rule search has not been done.
#  File does not exist.
#  File has not been updated.
#  commands to execute (from `Makefile', line 611):
	@$(NORMAL_UNINSTALL)
	@list='$(bin_PROGRAMS)'; test -n "$(bindir)" || list=; \
	files=`for p in $$list; do echo "$$p"; done | \
	sed -e 'h;s,^.*/,,;s/$(EXEEXT)$$//;$(transform)' \
	-e 's/$$/$(EXEEXT)/' \
	`; \
	test -n "$$list" || exit 0; \
	echo " ( cd '$(DESTDIR)$(bindir)' && rm -f" $$files ")"; \
	cd "$(DESTDIR)$(bindir)" && rm -f $$files
	

am--force-recheck:
#  Implicit rule search has not been done.
#  Modification time never checked.
#  File has not been updated.
#  commands to execute (from `Makefile', line 848):
	@:
	

am--refresh: Makefile
#  Phony target (prerequisite of .PHONY).
#  Implicit rule search has not been done.
#  File does not exist.
#  File has not been updated.
#  commands to execute (from `Makefile', line 534):
	@:
	

maintainer-clean-generic:
#  Phony target (prerequisite of .PHONY).
#  Implicit rule search has not been done.
#  File does not exist.
#  File has not been updated.
#  commands to execute (from `Makefile', line 1214):
	@echo "This command is intended for maintainers to use"
	@echo "it deletes files that may require special tools to rebuild."
	

third-party/Unity/src/tests_examplemod_examplemod_test_Runner-unity.obj: third-party/Unity/src/unity.c
#  Implicit rule search has not been done.
#  Modification time never checked.
#  File has not been updated.
#  commands to execute (from `Makefile', line 771):
	$(AM_V_CC)$(CC) $(DEFS) $(DEFAULT_INCLUDES) $(INCLUDES) $(tests_examplemod_examplemod_test_Runner_CPPFLAGS) $(CPPFLAGS) $(AM_CFLAGS) $(CFLAGS) -MT third-party/Unity/src/tests_examplemod_examplemod_test_Runner-unity.obj -MD -MP -MF third-party/Unity/src/$(DEPDIR)/tests_examplemod_examplemod_test_Runner-unity.Tpo -c -o third-party/Unity/src/tests_examplemod_examplemod_test_Runner-unity.obj `if test -f 'third-party/Unity/src/unity.c'; then $(CYGPATH_W) 'third-party/Unity/src/unity.c'; else $(CYGPATH_W) '$(srcdir)/third-party/Unity/src/unity.c'; fi`
	$(AM_V_at)$(am__mv) third-party/Unity/src/$(DEPDIR)/tests_examplemod_examplemod_test_Runner-unity.Tpo third-party/Unity/src/$(DEPDIR)/tests_examplemod_examplemod_test_Runner-unity.Po
	

test-suite.log: tests/examplemod/examplemod_test_Runner.log
#  Implicit rule search has not been done.
#  Modification time never checked.
#  File has not been updated.
#  commands to execute (from `Makefile', line 851):
	@$(am__set_TESTS_bases); \
	am__f_ok () { test -f "$$1" && test -r "$$1"; }; \
	redo_bases=`for i in $$bases; do \
	am__f_ok $$i.trs && am__f_ok $$i.log || echo $$i; \
	done`; \
	if test -n "$$redo_bases"; then \
	redo_logs=`for i in $$redo_bases; do echo $$i.log; done`; \
	redo_results=`for i in $$redo_bases; do echo $$i.trs; done`; \
	if $(am__make_dryrun); then :; else \
	rm -f $$redo_logs && rm -f $$redo_results || exit 1; \
	fi; \
	fi; \
	if test -n "$$am__remaking_logs"; then \
	echo "fatal: making $(TEST_SUITE_LOG): possible infinite" \
	"recursion detected" >&2; \
	elif test -n "$$redo_logs"; then \
	am__remaking_logs=yes $(MAKE) $(AM_MAKEFLAGS) $$redo_logs; \
	fi; \
	if $(am__make_dryrun); then :; else \
	st=0;  \
	errmsg="fatal: making $(TEST_SUITE_LOG): failed to create"; \
	for i in $$redo_bases; do \
	test -f $$i.trs && test -r $$i.trs \
	|| { echo "$$errmsg $$i.trs" >&2; st=1; }; \
	test -f $$i.log && test -r $$i.log \
	|| { echo "$$errmsg $$i.log" >&2; st=1; }; \
	done; \
	test $$st -eq 0 || exit 1; \
	fi
	@$(am__sh_e_setup); $(am__tty_colors); $(am__set_TESTS_bases); \
	ws='[ 	]'; \
	results=`for b in $$bases; do echo $$b.trs; done`; \
	test -n "$$results" || results=/dev/null; \
	all=`  grep "^$$ws*:test-result:"           $$results | wc -l`; \
	pass=` grep "^$$ws*:test-result:$$ws*PASS"  $$results | wc -l`; \
	fail=` grep "^$$ws*:test-result:$$ws*FAIL"  $$results | wc -l`; \
 
	skip=` grep "^$$ws*:test-result:$$ws*SKIP"  $$results | wc -l`; \
	xfail=`grep "^$$ws*:test-result:$$ws*XFAIL" $$results | wc -l`; \
	xpass=`grep "^$$ws*:test-result:$$ws*XPASS" $$results | wc -l`; \
	error=`grep "^$$ws*:test-result:$$ws*ERROR" $$results | wc -l`; \
	if test `expr $$fail + $$xpass + $$error` -eq 0; then \
	success=true; \
	else \
	success=false; \
	fi; \
	br='==================='; br=$$br$$br$$br$$br; \
	result_count () \
	{ \
	if test x"$$1" = x"--maybe-color"; then \
	maybe_colorize=yes; \
	elif test x"$$1" = x"--no-color"; then \
	maybe_colorize=no; \
	else \
	echo "$@: invalid 'result_count' usage" >&2; exit 4; \
	fi; \
	shift; \
	desc=$$1 count=$$2; \
	if test $$maybe_colorize = yes && test $$count -gt 0; then \
	color_start=$$3 color_end=$$std; \
	else \
	color_start= color_end=; \
	fi; \
	echo "$${color_start}# $$desc $$count$${color_end}"; \
	}; \
	create_testsuite_report () \
	{ \
	result_count $$1 "TOTAL:" $$all   "$$brg"; \
	result_count $$1 "PASS: " $$pass  "$$grn"; \
	result_count $$1 "SKIP: " $$skip  "$$blu"; \
	result_count $$1 "XFAIL:" $$xfail "$$lgn"; \
	result_count $$1 "FAIL: " $$fail  "$$red"; \
	result_count $$1 "XPASS:" $$xpass "$$red"; \
	result_count $$1 "ERROR:" $$error "$$mgn"; \
	}; \
	{								\
	echo "$(PACKAGE_STRING): $(subdir)/$(TEST_SUITE_LOG)" |	\
	$(am__rst_title);						\
	create_testsuite_report --no-color;				\
	echo;								\
	echo ".. contents:: :depth: 2";				\
	echo;								\
	for b in $$bases; do echo $$b; done				\
	| $(am__create_global_log);					\
	} >$(TEST_SUITE_LOG).tmp || exit 1;				\
	mv $(TEST_SUITE_LOG).tmp $(TEST_SUITE_LOG);			\
	if $$success; then						\
	col="$$grn";							\
	else								\
	col="$$red";							\
	test x"$$VERBOSE" = x || cat $(TEST_SUITE_LOG);		\
	fi;								\
	echo "$${col}$$br$${std}"; 					\
	echo "$${col}Testsuite summary for $(PACKAGE_STRING)$${std}";	\
	echo "$${col}$$br$${std}"; 					\
	create_testsuite_report --maybe-color;				\
	echo "$$col$$br$$std";						\
	if $$success; then :; else					\
	echo "$${col}See $(subdir)/$(TEST_SUITE_LOG)$${std}";		\
	if test -n "$(PACKAGE_BUGREPORT)"; then			\
	echo "$${col}Please report to $(PACKAGE_BUGREPORT)$${std}";	\
	fi;								\
	echo "$$col$$br$$std";					\
	fi;								\
	$$success || exit 1
	

# Not a target:
src/m65tool/m65tool.c:
#  Implicit rule search has not been done.
#  Modification time never checked.
#  File has not been updated.

tests/examplemod/.deps/examplemod_test_Runner-examplemod_test.Po:
#  Implicit rule search has not been done.
#  Last modified 2022-08-07 11:24:25
#  File has been updated.
#  Successfully updated.
#  commands to execute (from `Makefile', line 700):
	@$(MKDIR_P) $(@D)
	@echo '# dummy' >$@-t && $(am__mv) $@-t $@
	

third-party/Unity/src/.dirstamp:
#  Implicit rule search has not been done.
#  Modification time never checked.
#  File has not been updated.
#  commands to execute (from `Makefile', line 669):
	@$(MKDIR_P) third-party/Unity/src
	@: > third-party/Unity/src/$(am__dirstamp)
	

check-TESTS: tests/examplemod/examplemod_test_Runner
#  Phony target (prerequisite of .PHONY).
#  Implicit rule search has not been done.
#  File does not exist.
#  File has not been updated.
#  commands to execute (from `Makefile', line 957):
	@list='$(RECHECK_LOGS)';           test -z "$$list" || rm -f $$list
	@list='$(RECHECK_LOGS:.log=.trs)'; test -z "$$list" || rm -f $$list
	@test -z "$(TEST_SUITE_LOG)" || rm -f $(TEST_SUITE_LOG)
	@set +e; $(am__set_TESTS_bases); \
	log_list=`for i in $$bases; do echo $$i.log; done`; \
	trs_list=`for i in $$bases; do echo $$i.trs; done`; \
	log_list=`echo $$log_list`; trs_list=`echo $$trs_list`; \
	$(MAKE) $(AM_MAKEFLAGS) $(TEST_SUITE_LOG) TEST_LOGS="$$log_list"; \
	exit $$?;
	

install-strip:
#  Phony target (prerequisite of .PHONY).
#  Implicit rule search has not been done.
#  File does not exist.
#  File has not been updated.
#  commands to execute (from `Makefile', line 1184):
	if test -z '$(STRIP)'; then \
	$(MAKE) $(AM_MAKEFLAGS) INSTALL_PROGRAM="$(INSTALL_STRIP_PROGRAM)" \
	install_sh_PROGRAM="$(INSTALL_STRIP_PROGRAM)" INSTALL_STRIP_FLAG=-s \
	install; \
	else \
	$(MAKE) $(AM_MAKEFLAGS) INSTALL_PROGRAM="$(INSTALL_STRIP_PROGRAM)" \
	install_sh_PROGRAM="$(INSTALL_STRIP_PROGRAM)" INSTALL_STRIP_FLAG=-s \
	"INSTALL_PROGRAM_ENV=STRIPPROG='$(STRIP)'" install; \
	fi
	

installcheck-am:
#  Phony target (prerequisite of .PHONY).
#  Implicit rule search has not been done.
#  File does not exist.
#  File has not been updated.

install-data-am:
#  Phony target (prerequisite of .PHONY).
#  Implicit rule search has not been done.
#  File does not exist.
#  File has not been updated.

dist:
#  Phony target (prerequisite of .PHONY).
#  Implicit rule search has not been done.
#  File does not exist.
#  File has not been updated.
#  commands to execute (from `Makefile', line 1077):
	$(MAKE) $(AM_MAKEFLAGS) $(DIST_TARGETS) am__post_remove_distdir='@:'
	$(am__post_remove_distdir)
	

src/m65tool/.deps/.dirstamp:
#  Implicit rule search has not been done.
#  Modification time never checked.
#  File has not been updated.
#  commands to execute (from `Makefile', line 648):
	@$(MKDIR_P) src/m65tool/$(DEPDIR)
	@: > src/m65tool/$(DEPDIR)/$(am__dirstamp)
	

src/examplemod/.deps/priv1.Po:
#  Implicit rule search has not been done.
#  Last modified 2022-08-07 11:24:25
#  File has been updated.
#  Successfully updated.
#  commands to execute (from `Makefile', line 700):
	@$(MKDIR_P) $(@D)
	@echo '# dummy' >$@-t && $(am__mv) $@-t $@
	

ps-am:
#  Phony target (prerequisite of .PHONY).
#  Implicit rule search has not been done.
#  File does not exist.
#  File has not been updated.

clean-am: clean-binPROGRAMS clean-checkPROGRAMS clean-generic clean-noinstLIBRARIES mostlyclean-am
#  Implicit rule search has not been done.
#  Modification time never checked.
#  File has not been updated.

src/examplemod/.dirstamp:
#  Implicit rule search has not been done.
#  Modification time never checked.
#  File has not been updated.
#  commands to execute (from `Makefile', line 630):
	@$(MKDIR_P) src/examplemod
	@: > src/examplemod/$(am__dirstamp)
	

mostlyclean-generic:
#  Phony target (prerequisite of .PHONY).
#  Implicit rule search has not been done.
#  File does not exist.
#  File has not been updated.
#  commands to execute (from `Makefile', line 1194):
	-test -z "$(TEST_LOGS)" || rm -f $(TEST_LOGS)
	-test -z "$(TEST_LOGS:.log=.trs)" || rm -f $(TEST_LOGS:.log=.trs)
	-test -z "$(TEST_SUITE_LOG)" || rm -f $(TEST_SUITE_LOG)
	

src/examplemod/examplemod.o: src/examplemod/.dirstamp src/examplemod/.deps/.dirstamp
#  Implicit rule search has not been done.
#  Modification time never checked.
#  File has not been updated.

html: html-am
#  Phony target (prerequisite of .PHONY).
#  Implicit rule search has not been done.
#  File does not exist.
#  File has not been updated.

dist-all:
#  Phony target (prerequisite of .PHONY).
#  Implicit rule search has not been done.
#  File does not exist.
#  File has not been updated.
#  commands to execute (from `Makefile', line 1077):
	$(MAKE) $(AM_MAKEFLAGS) $(DIST_TARGETS) am__post_remove_distdir='@:'
	$(am__post_remove_distdir)
	

ctags: ctags-am
#  Phony target (prerequisite of .PHONY).
#  Implicit rule search has not been done.
#  File does not exist.
#  File has not been updated.

html-am:
#  Phony target (prerequisite of .PHONY).
#  Implicit rule search has not been done.
#  File does not exist.
#  File has not been updated.

tests/examplemod/examplemod_test_Runner-examplemod_test.o: tests/examplemod/examplemod_test.c tests/examplemod/.dirstamp tests/examplemod/.deps/.dirstamp
#  Implicit rule search has not been done.
#  Modification time never checked.
#  File has not been updated.
#  commands to execute (from `Makefile', line 750):
 
	$(AM_V_CC)$(CC) $(DEFS) $(DEFAULT_INCLUDES) $(INCLUDES) $(tests_examplemod_examplemod_test_Runner_CPPFLAGS) $(CPPFLAGS) $(AM_CFLAGS) $(CFLAGS) -MT tests/examplemod/examplemod_test_Runner-examplemod_test.o -MD -MP -MF tests/examplemod/$(DEPDIR)/examplemod_test_Runner-examplemod_test.Tpo -c -o tests/examplemod/examplemod_test_Runner-examplemod_test.o `test -f 'tests/examplemod/examplemod_test.c' || echo '$(srcdir)/'`tests/examplemod/examplemod_test.c
	$(AM_V_at)$(am__mv) tests/examplemod/$(DEPDIR)/examplemod_test_Runner-examplemod_test.Tpo tests/examplemod/$(DEPDIR)/examplemod_test_Runner-examplemod_test.Po
	

dist-lzip: distdir
#  Phony target (prerequisite of .PHONY).
#  Implicit rule search has not been done.
#  File does not exist.
#  File has not been updated.
#  commands to execute (from `Makefile', line 1050):
	tardir=$(distdir) && $(am__tar) | lzip -c $${LZIP_OPT--9} >$(distdir).tar.lz
	$(am__post_remove_distdir)
	

mostlyclean: mostlyclean-am
#  Phony target (prerequisite of .PHONY).
#  Implicit rule search has not been done.
#  File does not exist.
#  File has not been updated.

distcleancheck: distclean
#  Phony target (prerequisite of .PHONY).
#  Implicit rule search has not been done.
#  File does not exist.
#  File has not been updated.
#  commands to execute (from `Makefile', line 1157):
	@if test '$(srcdir)' = . ; then \
	echo "ERROR: distcleancheck can only run from a VPATH build" ; \
	exit 1 ; \
	fi
	@test `$(distcleancheck_listfiles) | wc -l` -eq 0 \
	|| { echo "ERROR: files left in build directory after distclean:" ; \
	$(distcleancheck_listfiles) ; \
	exit 1; } >&2
	

uninstall-am: uninstall-binPROGRAMS
#  Phony target (prerequisite of .PHONY).
#  Implicit rule search has not been done.
#  File does not exist.
#  File has not been updated.

src/m65tool/m65tool-m65tool.obj: src/m65tool/m65tool.c
#  Implicit rule search has not been done.
#  Modification time never checked.
#  File has not been updated.
#  commands to execute (from `Makefile', line 729):
	$(AM_V_CC)$(CC) $(DEFS) $(DEFAULT_INCLUDES) $(INCLUDES) $(src_m65tool_m65tool_CPPFLAGS) $(CPPFLAGS) $(AM_CFLAGS) $(CFLAGS) -MT src/m65tool/m65tool-m65tool.obj -MD -MP -MF src/m65tool/$(DEPDIR)/m65tool-m65tool.Tpo -c -o src/m65tool/m65tool-m65tool.obj `if test -f 'src/m65tool/m65tool.c'; then $(CYGPATH_W) 'src/m65tool/m65tool.c'; else $(CYGPATH_W) '$(srcdir)/src/m65tool/m65tool.c'; fi`
	$(AM_V_at)$(am__mv) src/m65tool/$(DEPDIR)/m65tool-m65tool.Tpo src/m65tool/$(DEPDIR)/m65tool-m65tool.Po
	

distuninstallcheck:
#  Phony target (prerequisite of .PHONY).
#  Implicit rule search has not been done.
#  File does not exist.
#  File has not been updated.
#  commands to execute (from `Makefile', line 1140):
	@test -n '$(distuninstallcheck_dir)' || { \
	echo 'ERROR: trying to run $@ with an empty' \
	'$$(distuninstallcheck_dir)' >&2; \
	exit 1; \
	}; \
	$(am__cd) '$(distuninstallcheck_dir)' || { \
	echo 'ERROR: cannot chdir into $(distuninstallcheck_dir)' >&2; \
	exit 1; \
	}; \
	test `$(am__distuninstallcheck_listfiles) | wc -l` -eq 0 \
	|| { echo "ERROR: files left after uninstall:" ; \
	if test -n "$(DESTDIR)"; then \
	echo "  (check DESTDIR support)"; \
	fi ; \
	$(distuninstallcheck_listfiles) ; \
	exit 1; } >&2
	

install-html: install-html-am
#  Phony target (prerequisite of .PHONY).
#  Implicit rule search has not been done.
#  File does not exist.
#  File has not been updated.

src/examplemod/libexamplemod.a: src/examplemod/examplemod.o src/examplemod/priv1.o src/examplemod/.dirstamp
#  Implicit rule search has not been done.
#  Modification time never checked.
#  File has not been updated.
#  commands to execute (from `Makefile', line 641):
	$(AM_V_at)-rm -f src/examplemod/libexamplemod.a
	$(AM_V_AR)$(src_examplemod_libexamplemod_a_AR) src/examplemod/libexamplemod.a $(src_examplemod_libexamplemod_a_OBJECTS) $(src_examplemod_libexamplemod_a_LIBADD)
	$(AM_V_at)$(RANLIB) src/examplemod/libexamplemod.a
	

# Not a target:
ar-lib:
#  Implicit rule search has not been done.
#  Modification time never checked.
#  File has not been updated.

tests/examplemod/examplemod_test_Runner.log: tests/examplemod/examplemod_test_Runner
#  Implicit rule search has not been done.
#  Modification time never checked.
#  File has not been updated.
#  commands to execute (from `Makefile', line 978):
	@p='tests/examplemod/examplemod_test_Runner$(EXEEXT)'; \
	b='tests/examplemod/examplemod_test_Runner'; \
	$(am__check_pre) $(LOG_DRIVER) --test-name "$$f" \
	--log-file $$b.log --trs-file $$b.trs \
	$(am__common_driver_flags) $(AM_LOG_DRIVER_FLAGS) $(LOG_DRIVER_FLAGS) -- $(LOG_COMPILE) \
	"$$tst" $(AM_TESTS_FD_REDIRECT)
	

dist-zip: distdir
#  Phony target (prerequisite of .PHONY).
#  Implicit rule search has not been done.
#  File does not exist.
#  File has not been updated.
#  commands to execute (from `Makefile', line 1072):
	-rm -f $(distdir).zip
	zip -rq $(distdir).zip $(distdir)
	$(am__post_remove_distdir)
	

src/examplemod/priv1.o: src/examplemod/.dirstamp src/examplemod/.deps/.dirstamp
#  Implicit rule search has not been done.
#  Modification time never checked.
#  File has not been updated.

.c.obj:
#  Implicit rule search has not been done.
#  Modification time never checked.
#  File has not been updated.
#  commands to execute (from `Makefile', line 714):
	$(AM_V_CC)depbase=`echo $@ | sed 's|[^/]*$$|$(DEPDIR)/&|;s|\.obj$$||'`;\
	$(COMPILE) -MT $@ -MD -MP -MF $$depbase.Tpo -c -o $@ `$(CYGPATH_W) '$<'` &&\
	$(am__mv) $$depbase.Tpo $$depbase.Po
	

ctags-am: src/examplemod/examplemod.c src/examplemod/examplemod.h src/examplemod/priv1.c src/examplemod/priv1.h src/m65tool/m65tool.c src/examplemod/examplemod.h tests/examplemod/examplemod_test_Runner.c tests/examplemod/examplemod_test.c third-party/Unity/src/unity.c third-party/Unity/src/unity.h third-party/Unity/src/unity_internals.h third-party/Unity/auto/generate_test_runner.rb config.h.in
#  Phony target (prerequisite of .PHONY).
#  Implicit rule search has not been done.
#  File does not exist.
#  File has not been updated.
#  commands to execute (from `Makefile', line 801):
	$(am__define_uniq_tagged_files); \
	test -z "$(CTAGS_ARGS)$$unique" \
	|| $(CTAGS) $(CTAGSFLAGS) $(AM_CTAGSFLAGS) $(CTAGS_ARGS) \
	$$unique
	

.test.log:
#  Implicit rule search has not been done.
#  Modification time never checked.
#  File has not been updated.
#  commands to execute (from `Makefile', line 985):
	@p='$<'; \
	$(am__set_b); \
	$(am__check_pre) $(TEST_LOG_DRIVER) --test-name "$$f" \
	--log-file $$b.log --trs-file $$b.trs \
	$(am__common_driver_flags) $(AM_TEST_LOG_DRIVER_FLAGS) $(TEST_LOG_DRIVER_FLAGS) -- $(TEST_LOG_COMPILE) \
	"$$tst" $(AM_TESTS_FD_REDIRECT)
	

check: check-am
#  Phony target (prerequisite of .PHONY).
#  Implicit rule search has not been done.
#  File does not exist.
#  File has not been updated.

install-ps: install-ps-am
#  Phony target (prerequisite of .PHONY).
#  Implicit rule search has not been done.
#  File does not exist.
#  File has not been updated.

TAGS: tags
#  Phony target (prerequisite of .PHONY).
#  Implicit rule search has not been done.
#  File does not exist.
#  File has not been updated.

src/m65tool/.dirstamp:
#  Implicit rule search has not been done.
#  Modification time never checked.
#  File has not been updated.
#  commands to execute (from `Makefile', line 645):
	@$(MKDIR_P) src/m65tool
	@: > src/m65tool/$(am__dirstamp)
	

installdirs:
#  Phony target (prerequisite of .PHONY).
#  Implicit rule search has not been done.
#  File does not exist.
#  File has not been updated.
#  commands to execute (from `Makefile', line 1171):
	for dir in "$(DESTDIR)$(bindir)"; do \
	test -z "$$dir" || $(MKDIR_P) "$$dir"; \
	done
	

install-dvi: install-dvi-am
#  Phony target (prerequisite of .PHONY).
#  Implicit rule search has not been done.
#  File does not exist.
#  File has not been updated.

distdir:
#  Phony target (prerequisite of .PHONY).
#  Implicit rule search has not been done.
#  File does not exist.
#  File has not been updated.
#  commands to execute (from `Makefile', line 1000):
	$(MAKE) $(AM_MAKEFLAGS) distdir-am
	

install-html-am:
#  Phony target (prerequisite of .PHONY).
 
#  Implicit rule search has not been done.
#  File does not exist.
#  File has not been updated.

# Not a target:
.o:
#  Implicit rule search has not been done.
#  Modification time never checked.
#  File has not been updated.

clean: clean-am
#  Phony target (prerequisite of .PHONY).
#  Implicit rule search has not been done.
#  File does not exist.
#  File has not been updated.

CTAGS: ctags
#  Phony target (prerequisite of .PHONY).
#  Implicit rule search has not been done.
#  File does not exist.
#  File has not been updated.

# Not a target:
.log:
#  Implicit rule search has not been done.
#  Modification time never checked.
#  File has not been updated.

check-am: all-am
#  Phony target (prerequisite of .PHONY).
#  Implicit rule search has not been done.
#  File does not exist.
#  File has not been updated.
#  commands to execute (from `Makefile', line 1166):
	$(MAKE) $(AM_MAKEFLAGS) $(check_PROGRAMS)
	$(MAKE) $(AM_MAKEFLAGS) check-TESTS
	

dist-xz: distdir
#  Phony target (prerequisite of .PHONY).
#  Implicit rule search has not been done.
#  File does not exist.
#  File has not been updated.
#  commands to execute (from `Makefile', line 1054):
	tardir=$(distdir) && $(am__tar) | XZ_OPT=$${XZ_OPT--e} xz -c >$(distdir).tar.xz
	$(am__post_remove_distdir)
	

ps: ps-am
#  Phony target (prerequisite of .PHONY).
#  Implicit rule search has not been done.
#  File does not exist.
#  File has not been updated.

install: install-am
#  Phony target (prerequisite of .PHONY).
#  Implicit rule search has not been done.
#  File does not exist.
#  File has not been updated.

install-ps-am:
#  Phony target (prerequisite of .PHONY).
#  Implicit rule search has not been done.
#  File does not exist.
#  File has not been updated.

# files hash-table stats:
# Load=167/1024=16%, Rehash=0, Collisions=98/531=18%
# VPATH Search Paths

# No `vpath' search paths.

# No general (`VPATH' variable) search path.

# # of strings in strcache: 7
# # of strcache buffers: 1
# strcache size: total = 4096 / max = 4096 / min = 4096 / avg = 4096
# strcache free: total = 3771 / max = 3771 / min = 3771 / avg = 3771

# Finished Make data base on Sun Aug  7 11:24:25 2022

 
